2019-09-30 15:39:26 [main] INFO  Main:36 - openDirectory() initialized
2019-09-30 15:39:31 [main] INFO  Main:61 - searchKeyword() initialized
2019-09-30 15:41:38 [main] INFO  Main:36 - openDirectory() initialized
2019-09-30 15:41:38 [main] INFO  Main:61 - searchKeyword() initialized
2019-09-30 15:53:05 [main] INFO  Main:36 - openDirectory() initialized
2019-09-30 15:53:05 [main] INFO  Main:36 - openDirectory() initialized
2019-09-30 15:53:05 [main] INFO  Main:61 - searchKeyword() initialized
2019-09-30 15:53:05 [main] INFO  Main:61 - searchKeyword() initialized
2019-09-30 15:53:32 [main] INFO  Main:36 - openDirectory() initialized
2019-09-30 15:53:32 [main] INFO  Main:36 - openDirectory() initialized
2019-09-30 15:53:32 [main] INFO  Main:61 - searchKeyword() initialized
2019-09-30 15:53:32 [main] INFO  Main:61 - searchKeyword() initialized
2019-09-30 15:54:08 [main] INFO  Main:36 - openDirectory() initialized
2019-09-30 15:54:08 [main] INFO  Main:36 - openDirectory() initialized
2019-09-30 15:54:08 [main] INFO  Main:36 - openDirectory() initialized
2019-09-30 15:54:08 [main] INFO  Main:61 - searchKeyword() initialized
2019-09-30 15:54:08 [main] INFO  Main:61 - searchKeyword() initialized
2019-09-30 15:54:08 [main] INFO  Main:61 - searchKeyword() initialized
2019-09-30 16:04:09 [main] INFO  Main:36 - openDirectory() initialized
2019-09-30 16:04:09 [main] INFO  Main:36 - openDirectory() initialized
2019-09-30 16:04:09 [main] INFO  Main:36 - openDirectory() initialized
2019-09-30 16:04:09 [main] INFO  Main:36 - openDirectory() initialized
2019-09-30 16:04:09 [main] INFO  Main:61 - searchKeyword() initialized
2019-09-30 16:04:09 [main] INFO  Main:61 - searchKeyword() initialized
2019-09-30 16:04:09 [main] INFO  Main:61 - searchKeyword() initialized
2019-09-30 16:04:09 [main] INFO  Main:61 - searchKeyword() initialized
2019-09-30 16:04:09 [main] ERROR Main:90 - D:\books\null
java.nio.file.NoSuchFileException: D:\books\null
	at sun.nio.fs.WindowsException.translateToIOException(Unknown Source) ~[?:1.8.0_171]
	at sun.nio.fs.WindowsException.rethrowAsIOException(Unknown Source) ~[?:1.8.0_171]
	at sun.nio.fs.WindowsException.rethrowAsIOException(Unknown Source) ~[?:1.8.0_171]
	at sun.nio.fs.WindowsFileSystemProvider.newByteChannel(Unknown Source) ~[?:1.8.0_171]
	at java.nio.file.Files.newByteChannel(Unknown Source) ~[?:1.8.0_171]
	at java.nio.file.Files.newByteChannel(Unknown Source) ~[?:1.8.0_171]
	at java.nio.file.spi.FileSystemProvider.newInputStream(Unknown Source) ~[?:1.8.0_171]
	at java.nio.file.Files.newInputStream(Unknown Source) ~[?:1.8.0_171]
	at java.nio.file.Files.newBufferedReader(Unknown Source) ~[?:1.8.0_171]
	at java.nio.file.Files.lines(Unknown Source) ~[?:1.8.0_171]
	at java.nio.file.Files.lines(Unknown Source) ~[?:1.8.0_171]
	at com.marlabs.service.SearchServiceImpl.searchKeyword(SearchServiceImpl.java:73) ~[classes/:?]
	at com.marlabs.service.SearchServiceImplTest.testSearchKeyword(SearchServiceImplTest.java:30) ~[test-classes/:?]
	at sun.reflect.NativeMethodAccessorImpl.invoke0(Native Method) ~[?:1.8.0_171]
	at sun.reflect.NativeMethodAccessorImpl.invoke(Unknown Source) ~[?:1.8.0_171]
	at sun.reflect.DelegatingMethodAccessorImpl.invoke(Unknown Source) ~[?:1.8.0_171]
	at java.lang.reflect.Method.invoke(Unknown Source) ~[?:1.8.0_171]
	at org.junit.platform.commons.util.ReflectionUtils.invokeMethod(ReflectionUtils.java:675) ~[org.junit.platform.commons_1.5.1.v20190826-0900.jar:1.5.1]
	at org.junit.jupiter.engine.execution.MethodInvocation.proceed(MethodInvocation.java:60) ~[org.junit.jupiter.engine_5.5.1.v20190826-0900.jar:5.5.1]
	at org.junit.jupiter.engine.execution.InvocationInterceptorChain$ValidatingInvocation.proceed(InvocationInterceptorChain.java:125) ~[org.junit.jupiter.engine_5.5.1.v20190826-0900.jar:5.5.1]
	at org.junit.jupiter.engine.extension.TimeoutExtension.intercept(TimeoutExtension.java:132) ~[org.junit.jupiter.engine_5.5.1.v20190826-0900.jar:5.5.1]
	at org.junit.jupiter.engine.extension.TimeoutExtension.interceptTestableMethod(TimeoutExtension.java:124) ~[org.junit.jupiter.engine_5.5.1.v20190826-0900.jar:5.5.1]
	at org.junit.jupiter.engine.extension.TimeoutExtension.interceptTestTemplateMethod(TimeoutExtension.java:81) ~[org.junit.jupiter.engine_5.5.1.v20190826-0900.jar:5.5.1]
	at org.junit.jupiter.engine.execution.ExecutableInvoker$ReflectiveInterceptorCall.lambda$ofVoidMethod$0(ExecutableInvoker.java:115) ~[org.junit.jupiter.engine_5.5.1.v20190826-0900.jar:5.5.1]
	at org.junit.jupiter.engine.execution.ExecutableInvoker.lambda$invoke$0(ExecutableInvoker.java:105) ~[org.junit.jupiter.engine_5.5.1.v20190826-0900.jar:5.5.1]
	at org.junit.jupiter.engine.execution.InvocationInterceptorChain$InterceptedInvocation.proceed(InvocationInterceptorChain.java:104) ~[org.junit.jupiter.engine_5.5.1.v20190826-0900.jar:5.5.1]
	at org.junit.jupiter.engine.execution.InvocationInterceptorChain.proceed(InvocationInterceptorChain.java:62) ~[org.junit.jupiter.engine_5.5.1.v20190826-0900.jar:5.5.1]
	at org.junit.jupiter.engine.execution.InvocationInterceptorChain.chainAndInvoke(InvocationInterceptorChain.java:43) ~[org.junit.jupiter.engine_5.5.1.v20190826-0900.jar:5.5.1]
	at org.junit.jupiter.engine.execution.InvocationInterceptorChain.invoke(InvocationInterceptorChain.java:35) ~[org.junit.jupiter.engine_5.5.1.v20190826-0900.jar:5.5.1]
	at org.junit.jupiter.engine.execution.ExecutableInvoker.invoke(ExecutableInvoker.java:104) ~[org.junit.jupiter.engine_5.5.1.v20190826-0900.jar:5.5.1]
	at org.junit.jupiter.engine.execution.ExecutableInvoker.invoke(ExecutableInvoker.java:98) ~[org.junit.jupiter.engine_5.5.1.v20190826-0900.jar:5.5.1]
	at org.junit.jupiter.engine.descriptor.TestMethodTestDescriptor.lambda$invokeTestMethod$6(TestMethodTestDescriptor.java:202) ~[org.junit.jupiter.engine_5.5.1.v20190826-0900.jar:5.5.1]
	at org.junit.platform.engine.support.hierarchical.ThrowableCollector.execute(ThrowableCollector.java:73) ~[org.junit.platform.engine_1.5.1.v20190826-0900.jar:1.5.1]
	at org.junit.jupiter.engine.descriptor.TestMethodTestDescriptor.invokeTestMethod(TestMethodTestDescriptor.java:198) ~[org.junit.jupiter.engine_5.5.1.v20190826-0900.jar:5.5.1]
	at org.junit.jupiter.engine.descriptor.TestMethodTestDescriptor.execute(TestMethodTestDescriptor.java:135) ~[org.junit.jupiter.engine_5.5.1.v20190826-0900.jar:5.5.1]
	at org.junit.jupiter.engine.descriptor.TestMethodTestDescriptor.execute(TestMethodTestDescriptor.java:69) ~[org.junit.jupiter.engine_5.5.1.v20190826-0900.jar:5.5.1]
	at org.junit.platform.engine.support.hierarchical.NodeTestTask.lambda$executeRecursively$5(NodeTestTask.java:135) ~[org.junit.platform.engine_1.5.1.v20190826-0900.jar:1.5.1]
	at org.junit.platform.engine.support.hierarchical.ThrowableCollector.execute(ThrowableCollector.java:73) ~[org.junit.platform.engine_1.5.1.v20190826-0900.jar:1.5.1]
	at org.junit.platform.engine.support.hierarchical.NodeTestTask.lambda$executeRecursively$7(NodeTestTask.java:125) ~[org.junit.platform.engine_1.5.1.v20190826-0900.jar:1.5.1]
	at org.junit.platform.engine.support.hierarchical.Node.around(Node.java:135) ~[org.junit.platform.engine_1.5.1.v20190826-0900.jar:1.5.1]
	at org.junit.platform.engine.support.hierarchical.NodeTestTask.lambda$executeRecursively$8(NodeTestTask.java:123) ~[org.junit.platform.engine_1.5.1.v20190826-0900.jar:1.5.1]
	at org.junit.platform.engine.support.hierarchical.ThrowableCollector.execute(ThrowableCollector.java:73) ~[org.junit.platform.engine_1.5.1.v20190826-0900.jar:1.5.1]
	at org.junit.platform.engine.support.hierarchical.NodeTestTask.executeRecursively(NodeTestTask.java:122) ~[org.junit.platform.engine_1.5.1.v20190826-0900.jar:1.5.1]
	at org.junit.platform.engine.support.hierarchical.NodeTestTask.execute(NodeTestTask.java:80) ~[org.junit.platform.engine_1.5.1.v20190826-0900.jar:1.5.1]
	at org.junit.platform.engine.support.hierarchical.SameThreadHierarchicalTestExecutorService.submit(SameThreadHierarchicalTestExecutorService.java:32) ~[org.junit.platform.engine_1.5.1.v20190826-0900.jar:1.5.1]
	at org.junit.platform.engine.support.hierarchical.NodeTestTask$DefaultDynamicTestExecutor.execute(NodeTestTask.java:198) ~[org.junit.platform.engine_1.5.1.v20190826-0900.jar:1.5.1]
	at org.junit.jupiter.engine.descriptor.TestTemplateTestDescriptor.execute(TestTemplateTestDescriptor.java:138) ~[org.junit.jupiter.engine_5.5.1.v20190826-0900.jar:5.5.1]
	at org.junit.jupiter.engine.descriptor.TestTemplateTestDescriptor.lambda$execute$2(TestTemplateTestDescriptor.java:106) ~[org.junit.jupiter.engine_5.5.1.v20190826-0900.jar:5.5.1]
	at java.util.stream.ForEachOps$ForEachOp$OfRef.accept(Unknown Source) ~[?:1.8.0_171]
	at java.util.stream.ReferencePipeline$3$1.accept(Unknown Source) ~[?:1.8.0_171]
	at java.util.stream.ReferencePipeline$2$1.accept(Unknown Source) ~[?:1.8.0_171]
	at java.util.stream.ReferencePipeline$3$1.accept(Unknown Source) ~[?:1.8.0_171]
	at java.util.stream.ForEachOps$ForEachOp$OfRef.accept(Unknown Source) ~[?:1.8.0_171]
	at java.util.stream.ReferencePipeline$11$1.accept(Unknown Source) ~[?:1.8.0_171]
	at java.util.stream.ReferencePipeline$3$1.accept(Unknown Source) ~[?:1.8.0_171]
	at java.util.stream.ReferencePipeline$3$1.accept(Unknown Source) ~[?:1.8.0_171]
	at java.util.stream.ReferencePipeline$3$1.accept(Unknown Source) ~[?:1.8.0_171]
	at java.util.stream.ForEachOps$ForEachOp$OfRef.accept(Unknown Source) ~[?:1.8.0_171]
	at java.util.stream.ReferencePipeline$3$1.accept(Unknown Source) ~[?:1.8.0_171]
	at java.util.Spliterators$ArraySpliterator.forEachRemaining(Unknown Source) ~[?:1.8.0_171]
	at java.util.stream.ReferencePipeline$Head.forEach(Unknown Source) ~[?:1.8.0_171]
	at java.util.stream.ReferencePipeline$7$1.accept(Unknown Source) ~[?:1.8.0_171]
	at java.util.stream.ReferencePipeline$3$1.accept(Unknown Source) ~[?:1.8.0_171]
	at java.util.stream.ReferencePipeline$3$1.accept(Unknown Source) ~[?:1.8.0_171]
	at java.util.Spliterators$ArraySpliterator.forEachRemaining(Unknown Source) ~[?:1.8.0_171]
	at java.util.stream.AbstractPipeline.copyInto(Unknown Source) ~[?:1.8.0_171]
	at java.util.stream.AbstractPipeline.wrapAndCopyInto(Unknown Source) ~[?:1.8.0_171]
	at java.util.stream.ForEachOps$ForEachOp.evaluateSequential(Unknown Source) ~[?:1.8.0_171]
	at java.util.stream.ForEachOps$ForEachOp$OfRef.evaluateSequential(Unknown Source) ~[?:1.8.0_171]
	at java.util.stream.AbstractPipeline.evaluate(Unknown Source) ~[?:1.8.0_171]
	at java.util.stream.ReferencePipeline.forEach(Unknown Source) ~[?:1.8.0_171]
	at java.util.stream.ReferencePipeline$7$1.accept(Unknown Source) ~[?:1.8.0_171]
	at java.util.stream.ReferencePipeline$3$1.accept(Unknown Source) ~[?:1.8.0_171]
	at java.util.stream.ReferencePipeline$3$1.accept(Unknown Source) ~[?:1.8.0_171]
	at java.util.stream.ReferencePipeline$3$1.accept(Unknown Source) ~[?:1.8.0_171]
	at java.util.ArrayList$ArrayListSpliterator.forEachRemaining(Unknown Source) ~[?:1.8.0_171]
	at java.util.stream.AbstractPipeline.copyInto(Unknown Source) ~[?:1.8.0_171]
	at java.util.stream.AbstractPipeline.wrapAndCopyInto(Unknown Source) ~[?:1.8.0_171]
	at java.util.stream.ForEachOps$ForEachOp.evaluateSequential(Unknown Source) ~[?:1.8.0_171]
	at java.util.stream.ForEachOps$ForEachOp$OfRef.evaluateSequential(Unknown Source) ~[?:1.8.0_171]
	at java.util.stream.AbstractPipeline.evaluate(Unknown Source) ~[?:1.8.0_171]
	at java.util.stream.ReferencePipeline.forEach(Unknown Source) ~[?:1.8.0_171]
	at java.util.stream.ReferencePipeline$7$1.accept(Unknown Source) ~[?:1.8.0_171]
	at java.util.ArrayList$ArrayListSpliterator.forEachRemaining(Unknown Source) ~[?:1.8.0_171]
	at java.util.stream.AbstractPipeline.copyInto(Unknown Source) ~[?:1.8.0_171]
	at java.util.stream.AbstractPipeline.wrapAndCopyInto(Unknown Source) ~[?:1.8.0_171]
	at java.util.stream.ForEachOps$ForEachOp.evaluateSequential(Unknown Source) ~[?:1.8.0_171]
	at java.util.stream.ForEachOps$ForEachOp$OfRef.evaluateSequential(Unknown Source) ~[?:1.8.0_171]
	at java.util.stream.AbstractPipeline.evaluate(Unknown Source) ~[?:1.8.0_171]
	at java.util.stream.ReferencePipeline.forEach(Unknown Source) ~[?:1.8.0_171]
	at org.junit.jupiter.engine.descriptor.TestTemplateTestDescriptor.execute(TestTemplateTestDescriptor.java:106) ~[org.junit.jupiter.engine_5.5.1.v20190826-0900.jar:5.5.1]
	at org.junit.jupiter.engine.descriptor.TestTemplateTestDescriptor.execute(TestTemplateTestDescriptor.java:41) ~[org.junit.jupiter.engine_5.5.1.v20190826-0900.jar:5.5.1]
	at org.junit.platform.engine.support.hierarchical.NodeTestTask.lambda$executeRecursively$5(NodeTestTask.java:135) ~[org.junit.platform.engine_1.5.1.v20190826-0900.jar:1.5.1]
	at org.junit.platform.engine.support.hierarchical.ThrowableCollector.execute(ThrowableCollector.java:73) ~[org.junit.platform.engine_1.5.1.v20190826-0900.jar:1.5.1]
	at org.junit.platform.engine.support.hierarchical.NodeTestTask.lambda$executeRecursively$7(NodeTestTask.java:125) ~[org.junit.platform.engine_1.5.1.v20190826-0900.jar:1.5.1]
	at org.junit.platform.engine.support.hierarchical.Node.around(Node.java:135) ~[org.junit.platform.engine_1.5.1.v20190826-0900.jar:1.5.1]
	at org.junit.platform.engine.support.hierarchical.NodeTestTask.lambda$executeRecursively$8(NodeTestTask.java:123) ~[org.junit.platform.engine_1.5.1.v20190826-0900.jar:1.5.1]
	at org.junit.platform.engine.support.hierarchical.ThrowableCollector.execute(ThrowableCollector.java:73) ~[org.junit.platform.engine_1.5.1.v20190826-0900.jar:1.5.1]
	at org.junit.platform.engine.support.hierarchical.NodeTestTask.executeRecursively(NodeTestTask.java:122) ~[org.junit.platform.engine_1.5.1.v20190826-0900.jar:1.5.1]
	at org.junit.platform.engine.support.hierarchical.NodeTestTask.execute(NodeTestTask.java:80) ~[org.junit.platform.engine_1.5.1.v20190826-0900.jar:1.5.1]
	at java.util.ArrayList.forEach(Unknown Source) ~[?:1.8.0_171]
	at org.junit.platform.engine.support.hierarchical.SameThreadHierarchicalTestExecutorService.invokeAll(SameThreadHierarchicalTestExecutorService.java:38) ~[org.junit.platform.engine_1.5.1.v20190826-0900.jar:1.5.1]
	at org.junit.platform.engine.support.hierarchical.NodeTestTask.lambda$executeRecursively$5(NodeTestTask.java:139) ~[org.junit.platform.engine_1.5.1.v20190826-0900.jar:1.5.1]
	at org.junit.platform.engine.support.hierarchical.ThrowableCollector.execute(ThrowableCollector.java:73) ~[org.junit.platform.engine_1.5.1.v20190826-0900.jar:1.5.1]
	at org.junit.platform.engine.support.hierarchical.NodeTestTask.lambda$executeRecursively$7(NodeTestTask.java:125) ~[org.junit.platform.engine_1.5.1.v20190826-0900.jar:1.5.1]
	at org.junit.platform.engine.support.hierarchical.Node.around(Node.java:135) ~[org.junit.platform.engine_1.5.1.v20190826-0900.jar:1.5.1]
	at org.junit.platform.engine.support.hierarchical.NodeTestTask.lambda$executeRecursively$8(NodeTestTask.java:123) ~[org.junit.platform.engine_1.5.1.v20190826-0900.jar:1.5.1]
	at org.junit.platform.engine.support.hierarchical.ThrowableCollector.execute(ThrowableCollector.java:73) ~[org.junit.platform.engine_1.5.1.v20190826-0900.jar:1.5.1]
	at org.junit.platform.engine.support.hierarchical.NodeTestTask.executeRecursively(NodeTestTask.java:122) ~[org.junit.platform.engine_1.5.1.v20190826-0900.jar:1.5.1]
	at org.junit.platform.engine.support.hierarchical.NodeTestTask.execute(NodeTestTask.java:80) ~[org.junit.platform.engine_1.5.1.v20190826-0900.jar:1.5.1]
	at java.util.ArrayList.forEach(Unknown Source) ~[?:1.8.0_171]
	at org.junit.platform.engine.support.hierarchical.SameThreadHierarchicalTestExecutorService.invokeAll(SameThreadHierarchicalTestExecutorService.java:38) ~[org.junit.platform.engine_1.5.1.v20190826-0900.jar:1.5.1]
	at org.junit.platform.engine.support.hierarchical.NodeTestTask.lambda$executeRecursively$5(NodeTestTask.java:139) ~[org.junit.platform.engine_1.5.1.v20190826-0900.jar:1.5.1]
	at org.junit.platform.engine.support.hierarchical.ThrowableCollector.execute(ThrowableCollector.java:73) ~[org.junit.platform.engine_1.5.1.v20190826-0900.jar:1.5.1]
	at org.junit.platform.engine.support.hierarchical.NodeTestTask.lambda$executeRecursively$7(NodeTestTask.java:125) ~[org.junit.platform.engine_1.5.1.v20190826-0900.jar:1.5.1]
	at org.junit.platform.engine.support.hierarchical.Node.around(Node.java:135) ~[org.junit.platform.engine_1.5.1.v20190826-0900.jar:1.5.1]
	at org.junit.platform.engine.support.hierarchical.NodeTestTask.lambda$executeRecursively$8(NodeTestTask.java:123) ~[org.junit.platform.engine_1.5.1.v20190826-0900.jar:1.5.1]
	at org.junit.platform.engine.support.hierarchical.ThrowableCollector.execute(ThrowableCollector.java:73) ~[org.junit.platform.engine_1.5.1.v20190826-0900.jar:1.5.1]
	at org.junit.platform.engine.support.hierarchical.NodeTestTask.executeRecursively(NodeTestTask.java:122) ~[org.junit.platform.engine_1.5.1.v20190826-0900.jar:1.5.1]
	at org.junit.platform.engine.support.hierarchical.NodeTestTask.execute(NodeTestTask.java:80) ~[org.junit.platform.engine_1.5.1.v20190826-0900.jar:1.5.1]
	at org.junit.platform.engine.support.hierarchical.SameThreadHierarchicalTestExecutorService.submit(SameThreadHierarchicalTestExecutorService.java:32) ~[org.junit.platform.engine_1.5.1.v20190826-0900.jar:1.5.1]
	at org.junit.platform.engine.support.hierarchical.HierarchicalTestExecutor.execute(HierarchicalTestExecutor.java:57) ~[org.junit.platform.engine_1.5.1.v20190826-0900.jar:1.5.1]
	at org.junit.platform.engine.support.hierarchical.HierarchicalTestEngine.execute(HierarchicalTestEngine.java:51) ~[org.junit.platform.engine_1.5.1.v20190826-0900.jar:1.5.1]
	at org.junit.platform.launcher.core.DefaultLauncher.execute(DefaultLauncher.java:229) ~[org.junit.platform.launcher_1.5.1.v20190826-0900.jar:1.5.1]
	at org.junit.platform.launcher.core.DefaultLauncher.lambda$execute$6(DefaultLauncher.java:197) ~[org.junit.platform.launcher_1.5.1.v20190826-0900.jar:1.5.1]
	at org.junit.platform.launcher.core.DefaultLauncher.withInterceptedStreams(DefaultLauncher.java:211) [org.junit.platform.launcher_1.5.1.v20190826-0900.jar:1.5.1]
	at org.junit.platform.launcher.core.DefaultLauncher.execute(DefaultLauncher.java:191) [org.junit.platform.launcher_1.5.1.v20190826-0900.jar:1.5.1]
	at org.junit.platform.launcher.core.DefaultLauncher.execute(DefaultLauncher.java:137) [org.junit.platform.launcher_1.5.1.v20190826-0900.jar:1.5.1]
	at org.eclipse.jdt.internal.junit5.runner.JUnit5TestReference.run(JUnit5TestReference.java:89) [.cp/:?]
	at org.eclipse.jdt.internal.junit.runner.TestExecution.run(TestExecution.java:41) [.cp/:?]
	at org.eclipse.jdt.internal.junit.runner.RemoteTestRunner.runTests(RemoteTestRunner.java:541) [.cp/:?]
	at org.eclipse.jdt.internal.junit.runner.RemoteTestRunner.runTests(RemoteTestRunner.java:763) [.cp/:?]
	at org.eclipse.jdt.internal.junit.runner.RemoteTestRunner.run(RemoteTestRunner.java:463) [.cp/:?]
	at org.eclipse.jdt.internal.junit.runner.RemoteTestRunner.main(RemoteTestRunner.java:209) [.cp/:?]
2019-09-30 16:04:48 [main] INFO  Main:36 - openDirectory() initialized
2019-09-30 16:04:48 [main] INFO  Main:36 - openDirectory() initialized
2019-09-30 16:04:48 [main] INFO  Main:36 - openDirectory() initialized
2019-09-30 16:04:48 [main] INFO  Main:36 - openDirectory() initialized
2019-09-30 16:04:48 [main] INFO  Main:61 - searchKeyword() initialized
2019-09-30 16:04:48 [main] INFO  Main:61 - searchKeyword() initialized
2019-09-30 16:04:48 [main] INFO  Main:61 - searchKeyword() initialized
2019-09-30 16:04:48 [main] INFO  Main:61 - searchKeyword() initialized
2019-09-30 16:04:48 [main] ERROR Main:90 - D:\books\null
java.nio.file.NoSuchFileException: D:\books\null
	at sun.nio.fs.WindowsException.translateToIOException(Unknown Source) ~[?:1.8.0_171]
	at sun.nio.fs.WindowsException.rethrowAsIOException(Unknown Source) ~[?:1.8.0_171]
	at sun.nio.fs.WindowsException.rethrowAsIOException(Unknown Source) ~[?:1.8.0_171]
	at sun.nio.fs.WindowsFileSystemProvider.newByteChannel(Unknown Source) ~[?:1.8.0_171]
	at java.nio.file.Files.newByteChannel(Unknown Source) ~[?:1.8.0_171]
	at java.nio.file.Files.newByteChannel(Unknown Source) ~[?:1.8.0_171]
	at java.nio.file.spi.FileSystemProvider.newInputStream(Unknown Source) ~[?:1.8.0_171]
	at java.nio.file.Files.newInputStream(Unknown Source) ~[?:1.8.0_171]
	at java.nio.file.Files.newBufferedReader(Unknown Source) ~[?:1.8.0_171]
	at java.nio.file.Files.lines(Unknown Source) ~[?:1.8.0_171]
	at java.nio.file.Files.lines(Unknown Source) ~[?:1.8.0_171]
	at com.marlabs.service.SearchServiceImpl.searchKeyword(SearchServiceImpl.java:73) ~[classes/:?]
	at com.marlabs.service.SearchServiceImplTest.testSearchKeyword(SearchServiceImplTest.java:30) ~[test-classes/:?]
	at sun.reflect.NativeMethodAccessorImpl.invoke0(Native Method) ~[?:1.8.0_171]
	at sun.reflect.NativeMethodAccessorImpl.invoke(Unknown Source) ~[?:1.8.0_171]
	at sun.reflect.DelegatingMethodAccessorImpl.invoke(Unknown Source) ~[?:1.8.0_171]
	at java.lang.reflect.Method.invoke(Unknown Source) ~[?:1.8.0_171]
	at org.junit.platform.commons.util.ReflectionUtils.invokeMethod(ReflectionUtils.java:675) ~[org.junit.platform.commons_1.5.1.v20190826-0900.jar:1.5.1]
	at org.junit.jupiter.engine.execution.MethodInvocation.proceed(MethodInvocation.java:60) ~[org.junit.jupiter.engine_5.5.1.v20190826-0900.jar:5.5.1]
	at org.junit.jupiter.engine.execution.InvocationInterceptorChain$ValidatingInvocation.proceed(InvocationInterceptorChain.java:125) ~[org.junit.jupiter.engine_5.5.1.v20190826-0900.jar:5.5.1]
	at org.junit.jupiter.engine.extension.TimeoutExtension.intercept(TimeoutExtension.java:132) ~[org.junit.jupiter.engine_5.5.1.v20190826-0900.jar:5.5.1]
	at org.junit.jupiter.engine.extension.TimeoutExtension.interceptTestableMethod(TimeoutExtension.java:124) ~[org.junit.jupiter.engine_5.5.1.v20190826-0900.jar:5.5.1]
	at org.junit.jupiter.engine.extension.TimeoutExtension.interceptTestTemplateMethod(TimeoutExtension.java:81) ~[org.junit.jupiter.engine_5.5.1.v20190826-0900.jar:5.5.1]
	at org.junit.jupiter.engine.execution.ExecutableInvoker$ReflectiveInterceptorCall.lambda$ofVoidMethod$0(ExecutableInvoker.java:115) ~[org.junit.jupiter.engine_5.5.1.v20190826-0900.jar:5.5.1]
	at org.junit.jupiter.engine.execution.ExecutableInvoker.lambda$invoke$0(ExecutableInvoker.java:105) ~[org.junit.jupiter.engine_5.5.1.v20190826-0900.jar:5.5.1]
	at org.junit.jupiter.engine.execution.InvocationInterceptorChain$InterceptedInvocation.proceed(InvocationInterceptorChain.java:104) ~[org.junit.jupiter.engine_5.5.1.v20190826-0900.jar:5.5.1]
	at org.junit.jupiter.engine.execution.InvocationInterceptorChain.proceed(InvocationInterceptorChain.java:62) ~[org.junit.jupiter.engine_5.5.1.v20190826-0900.jar:5.5.1]
	at org.junit.jupiter.engine.execution.InvocationInterceptorChain.chainAndInvoke(InvocationInterceptorChain.java:43) ~[org.junit.jupiter.engine_5.5.1.v20190826-0900.jar:5.5.1]
	at org.junit.jupiter.engine.execution.InvocationInterceptorChain.invoke(InvocationInterceptorChain.java:35) ~[org.junit.jupiter.engine_5.5.1.v20190826-0900.jar:5.5.1]
	at org.junit.jupiter.engine.execution.ExecutableInvoker.invoke(ExecutableInvoker.java:104) ~[org.junit.jupiter.engine_5.5.1.v20190826-0900.jar:5.5.1]
	at org.junit.jupiter.engine.execution.ExecutableInvoker.invoke(ExecutableInvoker.java:98) ~[org.junit.jupiter.engine_5.5.1.v20190826-0900.jar:5.5.1]
	at org.junit.jupiter.engine.descriptor.TestMethodTestDescriptor.lambda$invokeTestMethod$6(TestMethodTestDescriptor.java:202) ~[org.junit.jupiter.engine_5.5.1.v20190826-0900.jar:5.5.1]
	at org.junit.platform.engine.support.hierarchical.ThrowableCollector.execute(ThrowableCollector.java:73) ~[org.junit.platform.engine_1.5.1.v20190826-0900.jar:1.5.1]
	at org.junit.jupiter.engine.descriptor.TestMethodTestDescriptor.invokeTestMethod(TestMethodTestDescriptor.java:198) ~[org.junit.jupiter.engine_5.5.1.v20190826-0900.jar:5.5.1]
	at org.junit.jupiter.engine.descriptor.TestMethodTestDescriptor.execute(TestMethodTestDescriptor.java:135) ~[org.junit.jupiter.engine_5.5.1.v20190826-0900.jar:5.5.1]
	at org.junit.jupiter.engine.descriptor.TestMethodTestDescriptor.execute(TestMethodTestDescriptor.java:69) ~[org.junit.jupiter.engine_5.5.1.v20190826-0900.jar:5.5.1]
	at org.junit.platform.engine.support.hierarchical.NodeTestTask.lambda$executeRecursively$5(NodeTestTask.java:135) ~[org.junit.platform.engine_1.5.1.v20190826-0900.jar:1.5.1]
	at org.junit.platform.engine.support.hierarchical.ThrowableCollector.execute(ThrowableCollector.java:73) ~[org.junit.platform.engine_1.5.1.v20190826-0900.jar:1.5.1]
	at org.junit.platform.engine.support.hierarchical.NodeTestTask.lambda$executeRecursively$7(NodeTestTask.java:125) ~[org.junit.platform.engine_1.5.1.v20190826-0900.jar:1.5.1]
	at org.junit.platform.engine.support.hierarchical.Node.around(Node.java:135) ~[org.junit.platform.engine_1.5.1.v20190826-0900.jar:1.5.1]
	at org.junit.platform.engine.support.hierarchical.NodeTestTask.lambda$executeRecursively$8(NodeTestTask.java:123) ~[org.junit.platform.engine_1.5.1.v20190826-0900.jar:1.5.1]
	at org.junit.platform.engine.support.hierarchical.ThrowableCollector.execute(ThrowableCollector.java:73) ~[org.junit.platform.engine_1.5.1.v20190826-0900.jar:1.5.1]
	at org.junit.platform.engine.support.hierarchical.NodeTestTask.executeRecursively(NodeTestTask.java:122) ~[org.junit.platform.engine_1.5.1.v20190826-0900.jar:1.5.1]
	at org.junit.platform.engine.support.hierarchical.NodeTestTask.execute(NodeTestTask.java:80) ~[org.junit.platform.engine_1.5.1.v20190826-0900.jar:1.5.1]
	at org.junit.platform.engine.support.hierarchical.SameThreadHierarchicalTestExecutorService.submit(SameThreadHierarchicalTestExecutorService.java:32) ~[org.junit.platform.engine_1.5.1.v20190826-0900.jar:1.5.1]
	at org.junit.platform.engine.support.hierarchical.NodeTestTask$DefaultDynamicTestExecutor.execute(NodeTestTask.java:198) ~[org.junit.platform.engine_1.5.1.v20190826-0900.jar:1.5.1]
	at org.junit.jupiter.engine.descriptor.TestTemplateTestDescriptor.execute(TestTemplateTestDescriptor.java:138) ~[org.junit.jupiter.engine_5.5.1.v20190826-0900.jar:5.5.1]
	at org.junit.jupiter.engine.descriptor.TestTemplateTestDescriptor.lambda$execute$2(TestTemplateTestDescriptor.java:106) ~[org.junit.jupiter.engine_5.5.1.v20190826-0900.jar:5.5.1]
	at java.util.stream.ForEachOps$ForEachOp$OfRef.accept(Unknown Source) ~[?:1.8.0_171]
	at java.util.stream.ReferencePipeline$3$1.accept(Unknown Source) ~[?:1.8.0_171]
	at java.util.stream.ReferencePipeline$2$1.accept(Unknown Source) ~[?:1.8.0_171]
	at java.util.stream.ReferencePipeline$3$1.accept(Unknown Source) ~[?:1.8.0_171]
	at java.util.stream.ForEachOps$ForEachOp$OfRef.accept(Unknown Source) ~[?:1.8.0_171]
	at java.util.stream.ReferencePipeline$11$1.accept(Unknown Source) ~[?:1.8.0_171]
	at java.util.stream.ReferencePipeline$3$1.accept(Unknown Source) ~[?:1.8.0_171]
	at java.util.stream.ReferencePipeline$3$1.accept(Unknown Source) ~[?:1.8.0_171]
	at java.util.stream.ReferencePipeline$3$1.accept(Unknown Source) ~[?:1.8.0_171]
	at java.util.stream.ForEachOps$ForEachOp$OfRef.accept(Unknown Source) ~[?:1.8.0_171]
	at java.util.stream.ReferencePipeline$3$1.accept(Unknown Source) ~[?:1.8.0_171]
	at java.util.Spliterators$ArraySpliterator.forEachRemaining(Unknown Source) ~[?:1.8.0_171]
	at java.util.stream.ReferencePipeline$Head.forEach(Unknown Source) ~[?:1.8.0_171]
	at java.util.stream.ReferencePipeline$7$1.accept(Unknown Source) ~[?:1.8.0_171]
	at java.util.stream.ReferencePipeline$3$1.accept(Unknown Source) ~[?:1.8.0_171]
	at java.util.stream.ReferencePipeline$3$1.accept(Unknown Source) ~[?:1.8.0_171]
	at java.util.Spliterators$ArraySpliterator.forEachRemaining(Unknown Source) ~[?:1.8.0_171]
	at java.util.stream.AbstractPipeline.copyInto(Unknown Source) ~[?:1.8.0_171]
	at java.util.stream.AbstractPipeline.wrapAndCopyInto(Unknown Source) ~[?:1.8.0_171]
	at java.util.stream.ForEachOps$ForEachOp.evaluateSequential(Unknown Source) ~[?:1.8.0_171]
	at java.util.stream.ForEachOps$ForEachOp$OfRef.evaluateSequential(Unknown Source) ~[?:1.8.0_171]
	at java.util.stream.AbstractPipeline.evaluate(Unknown Source) ~[?:1.8.0_171]
	at java.util.stream.ReferencePipeline.forEach(Unknown Source) ~[?:1.8.0_171]
	at java.util.stream.ReferencePipeline$7$1.accept(Unknown Source) ~[?:1.8.0_171]
	at java.util.stream.ReferencePipeline$3$1.accept(Unknown Source) ~[?:1.8.0_171]
	at java.util.stream.ReferencePipeline$3$1.accept(Unknown Source) ~[?:1.8.0_171]
	at java.util.stream.ReferencePipeline$3$1.accept(Unknown Source) ~[?:1.8.0_171]
	at java.util.ArrayList$ArrayListSpliterator.forEachRemaining(Unknown Source) ~[?:1.8.0_171]
	at java.util.stream.AbstractPipeline.copyInto(Unknown Source) ~[?:1.8.0_171]
	at java.util.stream.AbstractPipeline.wrapAndCopyInto(Unknown Source) ~[?:1.8.0_171]
	at java.util.stream.ForEachOps$ForEachOp.evaluateSequential(Unknown Source) ~[?:1.8.0_171]
	at java.util.stream.ForEachOps$ForEachOp$OfRef.evaluateSequential(Unknown Source) ~[?:1.8.0_171]
	at java.util.stream.AbstractPipeline.evaluate(Unknown Source) ~[?:1.8.0_171]
	at java.util.stream.ReferencePipeline.forEach(Unknown Source) ~[?:1.8.0_171]
	at java.util.stream.ReferencePipeline$7$1.accept(Unknown Source) ~[?:1.8.0_171]
	at java.util.ArrayList$ArrayListSpliterator.forEachRemaining(Unknown Source) ~[?:1.8.0_171]
	at java.util.stream.AbstractPipeline.copyInto(Unknown Source) ~[?:1.8.0_171]
	at java.util.stream.AbstractPipeline.wrapAndCopyInto(Unknown Source) ~[?:1.8.0_171]
	at java.util.stream.ForEachOps$ForEachOp.evaluateSequential(Unknown Source) ~[?:1.8.0_171]
	at java.util.stream.ForEachOps$ForEachOp$OfRef.evaluateSequential(Unknown Source) ~[?:1.8.0_171]
	at java.util.stream.AbstractPipeline.evaluate(Unknown Source) ~[?:1.8.0_171]
	at java.util.stream.ReferencePipeline.forEach(Unknown Source) ~[?:1.8.0_171]
	at org.junit.jupiter.engine.descriptor.TestTemplateTestDescriptor.execute(TestTemplateTestDescriptor.java:106) ~[org.junit.jupiter.engine_5.5.1.v20190826-0900.jar:5.5.1]
	at org.junit.jupiter.engine.descriptor.TestTemplateTestDescriptor.execute(TestTemplateTestDescriptor.java:41) ~[org.junit.jupiter.engine_5.5.1.v20190826-0900.jar:5.5.1]
	at org.junit.platform.engine.support.hierarchical.NodeTestTask.lambda$executeRecursively$5(NodeTestTask.java:135) ~[org.junit.platform.engine_1.5.1.v20190826-0900.jar:1.5.1]
	at org.junit.platform.engine.support.hierarchical.ThrowableCollector.execute(ThrowableCollector.java:73) ~[org.junit.platform.engine_1.5.1.v20190826-0900.jar:1.5.1]
	at org.junit.platform.engine.support.hierarchical.NodeTestTask.lambda$executeRecursively$7(NodeTestTask.java:125) ~[org.junit.platform.engine_1.5.1.v20190826-0900.jar:1.5.1]
	at org.junit.platform.engine.support.hierarchical.Node.around(Node.java:135) ~[org.junit.platform.engine_1.5.1.v20190826-0900.jar:1.5.1]
	at org.junit.platform.engine.support.hierarchical.NodeTestTask.lambda$executeRecursively$8(NodeTestTask.java:123) ~[org.junit.platform.engine_1.5.1.v20190826-0900.jar:1.5.1]
	at org.junit.platform.engine.support.hierarchical.ThrowableCollector.execute(ThrowableCollector.java:73) ~[org.junit.platform.engine_1.5.1.v20190826-0900.jar:1.5.1]
	at org.junit.platform.engine.support.hierarchical.NodeTestTask.executeRecursively(NodeTestTask.java:122) ~[org.junit.platform.engine_1.5.1.v20190826-0900.jar:1.5.1]
	at org.junit.platform.engine.support.hierarchical.NodeTestTask.execute(NodeTestTask.java:80) ~[org.junit.platform.engine_1.5.1.v20190826-0900.jar:1.5.1]
	at java.util.ArrayList.forEach(Unknown Source) ~[?:1.8.0_171]
	at org.junit.platform.engine.support.hierarchical.SameThreadHierarchicalTestExecutorService.invokeAll(SameThreadHierarchicalTestExecutorService.java:38) ~[org.junit.platform.engine_1.5.1.v20190826-0900.jar:1.5.1]
	at org.junit.platform.engine.support.hierarchical.NodeTestTask.lambda$executeRecursively$5(NodeTestTask.java:139) ~[org.junit.platform.engine_1.5.1.v20190826-0900.jar:1.5.1]
	at org.junit.platform.engine.support.hierarchical.ThrowableCollector.execute(ThrowableCollector.java:73) ~[org.junit.platform.engine_1.5.1.v20190826-0900.jar:1.5.1]
	at org.junit.platform.engine.support.hierarchical.NodeTestTask.lambda$executeRecursively$7(NodeTestTask.java:125) ~[org.junit.platform.engine_1.5.1.v20190826-0900.jar:1.5.1]
	at org.junit.platform.engine.support.hierarchical.Node.around(Node.java:135) ~[org.junit.platform.engine_1.5.1.v20190826-0900.jar:1.5.1]
	at org.junit.platform.engine.support.hierarchical.NodeTestTask.lambda$executeRecursively$8(NodeTestTask.java:123) ~[org.junit.platform.engine_1.5.1.v20190826-0900.jar:1.5.1]
	at org.junit.platform.engine.support.hierarchical.ThrowableCollector.execute(ThrowableCollector.java:73) ~[org.junit.platform.engine_1.5.1.v20190826-0900.jar:1.5.1]
	at org.junit.platform.engine.support.hierarchical.NodeTestTask.executeRecursively(NodeTestTask.java:122) ~[org.junit.platform.engine_1.5.1.v20190826-0900.jar:1.5.1]
	at org.junit.platform.engine.support.hierarchical.NodeTestTask.execute(NodeTestTask.java:80) ~[org.junit.platform.engine_1.5.1.v20190826-0900.jar:1.5.1]
	at java.util.ArrayList.forEach(Unknown Source) ~[?:1.8.0_171]
	at org.junit.platform.engine.support.hierarchical.SameThreadHierarchicalTestExecutorService.invokeAll(SameThreadHierarchicalTestExecutorService.java:38) ~[org.junit.platform.engine_1.5.1.v20190826-0900.jar:1.5.1]
	at org.junit.platform.engine.support.hierarchical.NodeTestTask.lambda$executeRecursively$5(NodeTestTask.java:139) ~[org.junit.platform.engine_1.5.1.v20190826-0900.jar:1.5.1]
	at org.junit.platform.engine.support.hierarchical.ThrowableCollector.execute(ThrowableCollector.java:73) ~[org.junit.platform.engine_1.5.1.v20190826-0900.jar:1.5.1]
	at org.junit.platform.engine.support.hierarchical.NodeTestTask.lambda$executeRecursively$7(NodeTestTask.java:125) ~[org.junit.platform.engine_1.5.1.v20190826-0900.jar:1.5.1]
	at org.junit.platform.engine.support.hierarchical.Node.around(Node.java:135) ~[org.junit.platform.engine_1.5.1.v20190826-0900.jar:1.5.1]
	at org.junit.platform.engine.support.hierarchical.NodeTestTask.lambda$executeRecursively$8(NodeTestTask.java:123) ~[org.junit.platform.engine_1.5.1.v20190826-0900.jar:1.5.1]
	at org.junit.platform.engine.support.hierarchical.ThrowableCollector.execute(ThrowableCollector.java:73) ~[org.junit.platform.engine_1.5.1.v20190826-0900.jar:1.5.1]
	at org.junit.platform.engine.support.hierarchical.NodeTestTask.executeRecursively(NodeTestTask.java:122) ~[org.junit.platform.engine_1.5.1.v20190826-0900.jar:1.5.1]
	at org.junit.platform.engine.support.hierarchical.NodeTestTask.execute(NodeTestTask.java:80) ~[org.junit.platform.engine_1.5.1.v20190826-0900.jar:1.5.1]
	at org.junit.platform.engine.support.hierarchical.SameThreadHierarchicalTestExecutorService.submit(SameThreadHierarchicalTestExecutorService.java:32) ~[org.junit.platform.engine_1.5.1.v20190826-0900.jar:1.5.1]
	at org.junit.platform.engine.support.hierarchical.HierarchicalTestExecutor.execute(HierarchicalTestExecutor.java:57) ~[org.junit.platform.engine_1.5.1.v20190826-0900.jar:1.5.1]
	at org.junit.platform.engine.support.hierarchical.HierarchicalTestEngine.execute(HierarchicalTestEngine.java:51) ~[org.junit.platform.engine_1.5.1.v20190826-0900.jar:1.5.1]
	at org.junit.platform.launcher.core.DefaultLauncher.execute(DefaultLauncher.java:229) ~[org.junit.platform.launcher_1.5.1.v20190826-0900.jar:1.5.1]
	at org.junit.platform.launcher.core.DefaultLauncher.lambda$execute$6(DefaultLauncher.java:197) ~[org.junit.platform.launcher_1.5.1.v20190826-0900.jar:1.5.1]
	at org.junit.platform.launcher.core.DefaultLauncher.withInterceptedStreams(DefaultLauncher.java:211) [org.junit.platform.launcher_1.5.1.v20190826-0900.jar:1.5.1]
	at org.junit.platform.launcher.core.DefaultLauncher.execute(DefaultLauncher.java:191) [org.junit.platform.launcher_1.5.1.v20190826-0900.jar:1.5.1]
	at org.junit.platform.launcher.core.DefaultLauncher.execute(DefaultLauncher.java:137) [org.junit.platform.launcher_1.5.1.v20190826-0900.jar:1.5.1]
	at org.eclipse.jdt.internal.junit5.runner.JUnit5TestReference.run(JUnit5TestReference.java:89) [.cp/:?]
	at org.eclipse.jdt.internal.junit.runner.TestExecution.run(TestExecution.java:41) [.cp/:?]
	at org.eclipse.jdt.internal.junit.runner.RemoteTestRunner.runTests(RemoteTestRunner.java:541) [.cp/:?]
	at org.eclipse.jdt.internal.junit.runner.RemoteTestRunner.runTests(RemoteTestRunner.java:763) [.cp/:?]
	at org.eclipse.jdt.internal.junit.runner.RemoteTestRunner.run(RemoteTestRunner.java:463) [.cp/:?]
	at org.eclipse.jdt.internal.junit.runner.RemoteTestRunner.main(RemoteTestRunner.java:209) [.cp/:?]
2019-09-30 16:05:16 [main] INFO  Main:36 - openDirectory() initialized
2019-09-30 16:05:16 [main] INFO  Main:36 - openDirectory() initialized
2019-09-30 16:05:16 [main] INFO  Main:36 - openDirectory() initialized
2019-09-30 16:05:16 [main] INFO  Main:36 - openDirectory() initialized
2019-09-30 16:05:16 [main] INFO  Main:61 - searchKeyword() initialized
2019-09-30 16:05:16 [main] INFO  Main:61 - searchKeyword() initialized
2019-09-30 16:05:16 [main] INFO  Main:61 - searchKeyword() initialized
2019-09-30 16:05:16 [main] INFO  Main:61 - searchKeyword() initialized
2019-09-30 16:05:16 [main] ERROR Main:90 - D:\books\null
java.nio.file.NoSuchFileException: D:\books\null
	at sun.nio.fs.WindowsException.translateToIOException(Unknown Source) ~[?:1.8.0_171]
	at sun.nio.fs.WindowsException.rethrowAsIOException(Unknown Source) ~[?:1.8.0_171]
	at sun.nio.fs.WindowsException.rethrowAsIOException(Unknown Source) ~[?:1.8.0_171]
	at sun.nio.fs.WindowsFileSystemProvider.newByteChannel(Unknown Source) ~[?:1.8.0_171]
	at java.nio.file.Files.newByteChannel(Unknown Source) ~[?:1.8.0_171]
	at java.nio.file.Files.newByteChannel(Unknown Source) ~[?:1.8.0_171]
	at java.nio.file.spi.FileSystemProvider.newInputStream(Unknown Source) ~[?:1.8.0_171]
	at java.nio.file.Files.newInputStream(Unknown Source) ~[?:1.8.0_171]
	at java.nio.file.Files.newBufferedReader(Unknown Source) ~[?:1.8.0_171]
	at java.nio.file.Files.lines(Unknown Source) ~[?:1.8.0_171]
	at java.nio.file.Files.lines(Unknown Source) ~[?:1.8.0_171]
	at com.marlabs.service.SearchServiceImpl.searchKeyword(SearchServiceImpl.java:73) ~[classes/:?]
	at com.marlabs.service.SearchServiceImplTest.testSearchKeyword(SearchServiceImplTest.java:31) ~[test-classes/:?]
	at sun.reflect.NativeMethodAccessorImpl.invoke0(Native Method) ~[?:1.8.0_171]
	at sun.reflect.NativeMethodAccessorImpl.invoke(Unknown Source) ~[?:1.8.0_171]
	at sun.reflect.DelegatingMethodAccessorImpl.invoke(Unknown Source) ~[?:1.8.0_171]
	at java.lang.reflect.Method.invoke(Unknown Source) ~[?:1.8.0_171]
	at org.junit.platform.commons.util.ReflectionUtils.invokeMethod(ReflectionUtils.java:675) ~[org.junit.platform.commons_1.5.1.v20190826-0900.jar:1.5.1]
	at org.junit.jupiter.engine.execution.MethodInvocation.proceed(MethodInvocation.java:60) ~[org.junit.jupiter.engine_5.5.1.v20190826-0900.jar:5.5.1]
	at org.junit.jupiter.engine.execution.InvocationInterceptorChain$ValidatingInvocation.proceed(InvocationInterceptorChain.java:125) ~[org.junit.jupiter.engine_5.5.1.v20190826-0900.jar:5.5.1]
	at org.junit.jupiter.engine.extension.TimeoutExtension.intercept(TimeoutExtension.java:132) ~[org.junit.jupiter.engine_5.5.1.v20190826-0900.jar:5.5.1]
	at org.junit.jupiter.engine.extension.TimeoutExtension.interceptTestableMethod(TimeoutExtension.java:124) ~[org.junit.jupiter.engine_5.5.1.v20190826-0900.jar:5.5.1]
	at org.junit.jupiter.engine.extension.TimeoutExtension.interceptTestTemplateMethod(TimeoutExtension.java:81) ~[org.junit.jupiter.engine_5.5.1.v20190826-0900.jar:5.5.1]
	at org.junit.jupiter.engine.execution.ExecutableInvoker$ReflectiveInterceptorCall.lambda$ofVoidMethod$0(ExecutableInvoker.java:115) ~[org.junit.jupiter.engine_5.5.1.v20190826-0900.jar:5.5.1]
	at org.junit.jupiter.engine.execution.ExecutableInvoker.lambda$invoke$0(ExecutableInvoker.java:105) ~[org.junit.jupiter.engine_5.5.1.v20190826-0900.jar:5.5.1]
	at org.junit.jupiter.engine.execution.InvocationInterceptorChain$InterceptedInvocation.proceed(InvocationInterceptorChain.java:104) ~[org.junit.jupiter.engine_5.5.1.v20190826-0900.jar:5.5.1]
	at org.junit.jupiter.engine.execution.InvocationInterceptorChain.proceed(InvocationInterceptorChain.java:62) ~[org.junit.jupiter.engine_5.5.1.v20190826-0900.jar:5.5.1]
	at org.junit.jupiter.engine.execution.InvocationInterceptorChain.chainAndInvoke(InvocationInterceptorChain.java:43) ~[org.junit.jupiter.engine_5.5.1.v20190826-0900.jar:5.5.1]
	at org.junit.jupiter.engine.execution.InvocationInterceptorChain.invoke(InvocationInterceptorChain.java:35) ~[org.junit.jupiter.engine_5.5.1.v20190826-0900.jar:5.5.1]
	at org.junit.jupiter.engine.execution.ExecutableInvoker.invoke(ExecutableInvoker.java:104) ~[org.junit.jupiter.engine_5.5.1.v20190826-0900.jar:5.5.1]
	at org.junit.jupiter.engine.execution.ExecutableInvoker.invoke(ExecutableInvoker.java:98) ~[org.junit.jupiter.engine_5.5.1.v20190826-0900.jar:5.5.1]
	at org.junit.jupiter.engine.descriptor.TestMethodTestDescriptor.lambda$invokeTestMethod$6(TestMethodTestDescriptor.java:202) ~[org.junit.jupiter.engine_5.5.1.v20190826-0900.jar:5.5.1]
	at org.junit.platform.engine.support.hierarchical.ThrowableCollector.execute(ThrowableCollector.java:73) ~[org.junit.platform.engine_1.5.1.v20190826-0900.jar:1.5.1]
	at org.junit.jupiter.engine.descriptor.TestMethodTestDescriptor.invokeTestMethod(TestMethodTestDescriptor.java:198) ~[org.junit.jupiter.engine_5.5.1.v20190826-0900.jar:5.5.1]
	at org.junit.jupiter.engine.descriptor.TestMethodTestDescriptor.execute(TestMethodTestDescriptor.java:135) ~[org.junit.jupiter.engine_5.5.1.v20190826-0900.jar:5.5.1]
	at org.junit.jupiter.engine.descriptor.TestMethodTestDescriptor.execute(TestMethodTestDescriptor.java:69) ~[org.junit.jupiter.engine_5.5.1.v20190826-0900.jar:5.5.1]
	at org.junit.platform.engine.support.hierarchical.NodeTestTask.lambda$executeRecursively$5(NodeTestTask.java:135) ~[org.junit.platform.engine_1.5.1.v20190826-0900.jar:1.5.1]
	at org.junit.platform.engine.support.hierarchical.ThrowableCollector.execute(ThrowableCollector.java:73) ~[org.junit.platform.engine_1.5.1.v20190826-0900.jar:1.5.1]
	at org.junit.platform.engine.support.hierarchical.NodeTestTask.lambda$executeRecursively$7(NodeTestTask.java:125) ~[org.junit.platform.engine_1.5.1.v20190826-0900.jar:1.5.1]
	at org.junit.platform.engine.support.hierarchical.Node.around(Node.java:135) ~[org.junit.platform.engine_1.5.1.v20190826-0900.jar:1.5.1]
	at org.junit.platform.engine.support.hierarchical.NodeTestTask.lambda$executeRecursively$8(NodeTestTask.java:123) ~[org.junit.platform.engine_1.5.1.v20190826-0900.jar:1.5.1]
	at org.junit.platform.engine.support.hierarchical.ThrowableCollector.execute(ThrowableCollector.java:73) ~[org.junit.platform.engine_1.5.1.v20190826-0900.jar:1.5.1]
	at org.junit.platform.engine.support.hierarchical.NodeTestTask.executeRecursively(NodeTestTask.java:122) ~[org.junit.platform.engine_1.5.1.v20190826-0900.jar:1.5.1]
	at org.junit.platform.engine.support.hierarchical.NodeTestTask.execute(NodeTestTask.java:80) ~[org.junit.platform.engine_1.5.1.v20190826-0900.jar:1.5.1]
	at org.junit.platform.engine.support.hierarchical.SameThreadHierarchicalTestExecutorService.submit(SameThreadHierarchicalTestExecutorService.java:32) ~[org.junit.platform.engine_1.5.1.v20190826-0900.jar:1.5.1]
	at org.junit.platform.engine.support.hierarchical.NodeTestTask$DefaultDynamicTestExecutor.execute(NodeTestTask.java:198) ~[org.junit.platform.engine_1.5.1.v20190826-0900.jar:1.5.1]
	at org.junit.jupiter.engine.descriptor.TestTemplateTestDescriptor.execute(TestTemplateTestDescriptor.java:138) ~[org.junit.jupiter.engine_5.5.1.v20190826-0900.jar:5.5.1]
	at org.junit.jupiter.engine.descriptor.TestTemplateTestDescriptor.lambda$execute$2(TestTemplateTestDescriptor.java:106) ~[org.junit.jupiter.engine_5.5.1.v20190826-0900.jar:5.5.1]
	at java.util.stream.ForEachOps$ForEachOp$OfRef.accept(Unknown Source) ~[?:1.8.0_171]
	at java.util.stream.ReferencePipeline$3$1.accept(Unknown Source) ~[?:1.8.0_171]
	at java.util.stream.ReferencePipeline$2$1.accept(Unknown Source) ~[?:1.8.0_171]
	at java.util.stream.ReferencePipeline$3$1.accept(Unknown Source) ~[?:1.8.0_171]
	at java.util.stream.ForEachOps$ForEachOp$OfRef.accept(Unknown Source) ~[?:1.8.0_171]
	at java.util.stream.ReferencePipeline$11$1.accept(Unknown Source) ~[?:1.8.0_171]
	at java.util.stream.ReferencePipeline$3$1.accept(Unknown Source) ~[?:1.8.0_171]
	at java.util.stream.ReferencePipeline$3$1.accept(Unknown Source) ~[?:1.8.0_171]
	at java.util.stream.ReferencePipeline$3$1.accept(Unknown Source) ~[?:1.8.0_171]
	at java.util.stream.ForEachOps$ForEachOp$OfRef.accept(Unknown Source) ~[?:1.8.0_171]
	at java.util.stream.ReferencePipeline$3$1.accept(Unknown Source) ~[?:1.8.0_171]
	at java.util.Spliterators$ArraySpliterator.forEachRemaining(Unknown Source) ~[?:1.8.0_171]
	at java.util.stream.ReferencePipeline$Head.forEach(Unknown Source) ~[?:1.8.0_171]
	at java.util.stream.ReferencePipeline$7$1.accept(Unknown Source) ~[?:1.8.0_171]
	at java.util.stream.ReferencePipeline$3$1.accept(Unknown Source) ~[?:1.8.0_171]
	at java.util.stream.ReferencePipeline$3$1.accept(Unknown Source) ~[?:1.8.0_171]
	at java.util.Spliterators$ArraySpliterator.forEachRemaining(Unknown Source) ~[?:1.8.0_171]
	at java.util.stream.AbstractPipeline.copyInto(Unknown Source) ~[?:1.8.0_171]
	at java.util.stream.AbstractPipeline.wrapAndCopyInto(Unknown Source) ~[?:1.8.0_171]
	at java.util.stream.ForEachOps$ForEachOp.evaluateSequential(Unknown Source) ~[?:1.8.0_171]
	at java.util.stream.ForEachOps$ForEachOp$OfRef.evaluateSequential(Unknown Source) ~[?:1.8.0_171]
	at java.util.stream.AbstractPipeline.evaluate(Unknown Source) ~[?:1.8.0_171]
	at java.util.stream.ReferencePipeline.forEach(Unknown Source) ~[?:1.8.0_171]
	at java.util.stream.ReferencePipeline$7$1.accept(Unknown Source) ~[?:1.8.0_171]
	at java.util.stream.ReferencePipeline$3$1.accept(Unknown Source) ~[?:1.8.0_171]
	at java.util.stream.ReferencePipeline$3$1.accept(Unknown Source) ~[?:1.8.0_171]
	at java.util.stream.ReferencePipeline$3$1.accept(Unknown Source) ~[?:1.8.0_171]
	at java.util.ArrayList$ArrayListSpliterator.forEachRemaining(Unknown Source) ~[?:1.8.0_171]
	at java.util.stream.AbstractPipeline.copyInto(Unknown Source) ~[?:1.8.0_171]
	at java.util.stream.AbstractPipeline.wrapAndCopyInto(Unknown Source) ~[?:1.8.0_171]
	at java.util.stream.ForEachOps$ForEachOp.evaluateSequential(Unknown Source) ~[?:1.8.0_171]
	at java.util.stream.ForEachOps$ForEachOp$OfRef.evaluateSequential(Unknown Source) ~[?:1.8.0_171]
	at java.util.stream.AbstractPipeline.evaluate(Unknown Source) ~[?:1.8.0_171]
	at java.util.stream.ReferencePipeline.forEach(Unknown Source) ~[?:1.8.0_171]
	at java.util.stream.ReferencePipeline$7$1.accept(Unknown Source) ~[?:1.8.0_171]
	at java.util.ArrayList$ArrayListSpliterator.forEachRemaining(Unknown Source) ~[?:1.8.0_171]
	at java.util.stream.AbstractPipeline.copyInto(Unknown Source) ~[?:1.8.0_171]
	at java.util.stream.AbstractPipeline.wrapAndCopyInto(Unknown Source) ~[?:1.8.0_171]
	at java.util.stream.ForEachOps$ForEachOp.evaluateSequential(Unknown Source) ~[?:1.8.0_171]
	at java.util.stream.ForEachOps$ForEachOp$OfRef.evaluateSequential(Unknown Source) ~[?:1.8.0_171]
	at java.util.stream.AbstractPipeline.evaluate(Unknown Source) ~[?:1.8.0_171]
	at java.util.stream.ReferencePipeline.forEach(Unknown Source) ~[?:1.8.0_171]
	at org.junit.jupiter.engine.descriptor.TestTemplateTestDescriptor.execute(TestTemplateTestDescriptor.java:106) ~[org.junit.jupiter.engine_5.5.1.v20190826-0900.jar:5.5.1]
	at org.junit.jupiter.engine.descriptor.TestTemplateTestDescriptor.execute(TestTemplateTestDescriptor.java:41) ~[org.junit.jupiter.engine_5.5.1.v20190826-0900.jar:5.5.1]
	at org.junit.platform.engine.support.hierarchical.NodeTestTask.lambda$executeRecursively$5(NodeTestTask.java:135) ~[org.junit.platform.engine_1.5.1.v20190826-0900.jar:1.5.1]
	at org.junit.platform.engine.support.hierarchical.ThrowableCollector.execute(ThrowableCollector.java:73) ~[org.junit.platform.engine_1.5.1.v20190826-0900.jar:1.5.1]
	at org.junit.platform.engine.support.hierarchical.NodeTestTask.lambda$executeRecursively$7(NodeTestTask.java:125) ~[org.junit.platform.engine_1.5.1.v20190826-0900.jar:1.5.1]
	at org.junit.platform.engine.support.hierarchical.Node.around(Node.java:135) ~[org.junit.platform.engine_1.5.1.v20190826-0900.jar:1.5.1]
	at org.junit.platform.engine.support.hierarchical.NodeTestTask.lambda$executeRecursively$8(NodeTestTask.java:123) ~[org.junit.platform.engine_1.5.1.v20190826-0900.jar:1.5.1]
	at org.junit.platform.engine.support.hierarchical.ThrowableCollector.execute(ThrowableCollector.java:73) ~[org.junit.platform.engine_1.5.1.v20190826-0900.jar:1.5.1]
	at org.junit.platform.engine.support.hierarchical.NodeTestTask.executeRecursively(NodeTestTask.java:122) ~[org.junit.platform.engine_1.5.1.v20190826-0900.jar:1.5.1]
	at org.junit.platform.engine.support.hierarchical.NodeTestTask.execute(NodeTestTask.java:80) ~[org.junit.platform.engine_1.5.1.v20190826-0900.jar:1.5.1]
	at java.util.ArrayList.forEach(Unknown Source) ~[?:1.8.0_171]
	at org.junit.platform.engine.support.hierarchical.SameThreadHierarchicalTestExecutorService.invokeAll(SameThreadHierarchicalTestExecutorService.java:38) ~[org.junit.platform.engine_1.5.1.v20190826-0900.jar:1.5.1]
	at org.junit.platform.engine.support.hierarchical.NodeTestTask.lambda$executeRecursively$5(NodeTestTask.java:139) ~[org.junit.platform.engine_1.5.1.v20190826-0900.jar:1.5.1]
	at org.junit.platform.engine.support.hierarchical.ThrowableCollector.execute(ThrowableCollector.java:73) ~[org.junit.platform.engine_1.5.1.v20190826-0900.jar:1.5.1]
	at org.junit.platform.engine.support.hierarchical.NodeTestTask.lambda$executeRecursively$7(NodeTestTask.java:125) ~[org.junit.platform.engine_1.5.1.v20190826-0900.jar:1.5.1]
	at org.junit.platform.engine.support.hierarchical.Node.around(Node.java:135) ~[org.junit.platform.engine_1.5.1.v20190826-0900.jar:1.5.1]
	at org.junit.platform.engine.support.hierarchical.NodeTestTask.lambda$executeRecursively$8(NodeTestTask.java:123) ~[org.junit.platform.engine_1.5.1.v20190826-0900.jar:1.5.1]
	at org.junit.platform.engine.support.hierarchical.ThrowableCollector.execute(ThrowableCollector.java:73) ~[org.junit.platform.engine_1.5.1.v20190826-0900.jar:1.5.1]
	at org.junit.platform.engine.support.hierarchical.NodeTestTask.executeRecursively(NodeTestTask.java:122) ~[org.junit.platform.engine_1.5.1.v20190826-0900.jar:1.5.1]
	at org.junit.platform.engine.support.hierarchical.NodeTestTask.execute(NodeTestTask.java:80) ~[org.junit.platform.engine_1.5.1.v20190826-0900.jar:1.5.1]
	at java.util.ArrayList.forEach(Unknown Source) ~[?:1.8.0_171]
	at org.junit.platform.engine.support.hierarchical.SameThreadHierarchicalTestExecutorService.invokeAll(SameThreadHierarchicalTestExecutorService.java:38) ~[org.junit.platform.engine_1.5.1.v20190826-0900.jar:1.5.1]
	at org.junit.platform.engine.support.hierarchical.NodeTestTask.lambda$executeRecursively$5(NodeTestTask.java:139) ~[org.junit.platform.engine_1.5.1.v20190826-0900.jar:1.5.1]
	at org.junit.platform.engine.support.hierarchical.ThrowableCollector.execute(ThrowableCollector.java:73) ~[org.junit.platform.engine_1.5.1.v20190826-0900.jar:1.5.1]
	at org.junit.platform.engine.support.hierarchical.NodeTestTask.lambda$executeRecursively$7(NodeTestTask.java:125) ~[org.junit.platform.engine_1.5.1.v20190826-0900.jar:1.5.1]
	at org.junit.platform.engine.support.hierarchical.Node.around(Node.java:135) ~[org.junit.platform.engine_1.5.1.v20190826-0900.jar:1.5.1]
	at org.junit.platform.engine.support.hierarchical.NodeTestTask.lambda$executeRecursively$8(NodeTestTask.java:123) ~[org.junit.platform.engine_1.5.1.v20190826-0900.jar:1.5.1]
	at org.junit.platform.engine.support.hierarchical.ThrowableCollector.execute(ThrowableCollector.java:73) ~[org.junit.platform.engine_1.5.1.v20190826-0900.jar:1.5.1]
	at org.junit.platform.engine.support.hierarchical.NodeTestTask.executeRecursively(NodeTestTask.java:122) ~[org.junit.platform.engine_1.5.1.v20190826-0900.jar:1.5.1]
	at org.junit.platform.engine.support.hierarchical.NodeTestTask.execute(NodeTestTask.java:80) ~[org.junit.platform.engine_1.5.1.v20190826-0900.jar:1.5.1]
	at org.junit.platform.engine.support.hierarchical.SameThreadHierarchicalTestExecutorService.submit(SameThreadHierarchicalTestExecutorService.java:32) ~[org.junit.platform.engine_1.5.1.v20190826-0900.jar:1.5.1]
	at org.junit.platform.engine.support.hierarchical.HierarchicalTestExecutor.execute(HierarchicalTestExecutor.java:57) ~[org.junit.platform.engine_1.5.1.v20190826-0900.jar:1.5.1]
	at org.junit.platform.engine.support.hierarchical.HierarchicalTestEngine.execute(HierarchicalTestEngine.java:51) ~[org.junit.platform.engine_1.5.1.v20190826-0900.jar:1.5.1]
	at org.junit.platform.launcher.core.DefaultLauncher.execute(DefaultLauncher.java:229) ~[org.junit.platform.launcher_1.5.1.v20190826-0900.jar:1.5.1]
	at org.junit.platform.launcher.core.DefaultLauncher.lambda$execute$6(DefaultLauncher.java:197) ~[org.junit.platform.launcher_1.5.1.v20190826-0900.jar:1.5.1]
	at org.junit.platform.launcher.core.DefaultLauncher.withInterceptedStreams(DefaultLauncher.java:211) [org.junit.platform.launcher_1.5.1.v20190826-0900.jar:1.5.1]
	at org.junit.platform.launcher.core.DefaultLauncher.execute(DefaultLauncher.java:191) [org.junit.platform.launcher_1.5.1.v20190826-0900.jar:1.5.1]
	at org.junit.platform.launcher.core.DefaultLauncher.execute(DefaultLauncher.java:137) [org.junit.platform.launcher_1.5.1.v20190826-0900.jar:1.5.1]
	at org.eclipse.jdt.internal.junit5.runner.JUnit5TestReference.run(JUnit5TestReference.java:89) [.cp/:?]
	at org.eclipse.jdt.internal.junit.runner.TestExecution.run(TestExecution.java:41) [.cp/:?]
	at org.eclipse.jdt.internal.junit.runner.RemoteTestRunner.runTests(RemoteTestRunner.java:541) [.cp/:?]
	at org.eclipse.jdt.internal.junit.runner.RemoteTestRunner.runTests(RemoteTestRunner.java:763) [.cp/:?]
	at org.eclipse.jdt.internal.junit.runner.RemoteTestRunner.run(RemoteTestRunner.java:463) [.cp/:?]
	at org.eclipse.jdt.internal.junit.runner.RemoteTestRunner.main(RemoteTestRunner.java:209) [.cp/:?]
2019-09-30 16:05:57 [main] INFO  Main:36 - openDirectory() initialized
2019-09-30 16:05:57 [main] INFO  Main:36 - openDirectory() initialized
2019-09-30 16:05:57 [main] INFO  Main:36 - openDirectory() initialized
2019-09-30 16:05:57 [main] INFO  Main:36 - openDirectory() initialized
2019-09-30 16:05:57 [main] INFO  Main:61 - searchKeyword() initialized
2019-09-30 16:05:57 [main] INFO  Main:61 - searchKeyword() initialized
2019-09-30 16:05:57 [main] INFO  Main:61 - searchKeyword() initialized
2019-09-30 16:05:57 [main] INFO  Main:61 - searchKeyword() initialized
2019-09-30 16:05:57 [main] ERROR Main:90 - D:\books\null
java.nio.file.NoSuchFileException: D:\books\null
	at sun.nio.fs.WindowsException.translateToIOException(Unknown Source) ~[?:1.8.0_171]
	at sun.nio.fs.WindowsException.rethrowAsIOException(Unknown Source) ~[?:1.8.0_171]
	at sun.nio.fs.WindowsException.rethrowAsIOException(Unknown Source) ~[?:1.8.0_171]
	at sun.nio.fs.WindowsFileSystemProvider.newByteChannel(Unknown Source) ~[?:1.8.0_171]
	at java.nio.file.Files.newByteChannel(Unknown Source) ~[?:1.8.0_171]
	at java.nio.file.Files.newByteChannel(Unknown Source) ~[?:1.8.0_171]
	at java.nio.file.spi.FileSystemProvider.newInputStream(Unknown Source) ~[?:1.8.0_171]
	at java.nio.file.Files.newInputStream(Unknown Source) ~[?:1.8.0_171]
	at java.nio.file.Files.newBufferedReader(Unknown Source) ~[?:1.8.0_171]
	at java.nio.file.Files.lines(Unknown Source) ~[?:1.8.0_171]
	at java.nio.file.Files.lines(Unknown Source) ~[?:1.8.0_171]
	at com.marlabs.service.SearchServiceImpl.searchKeyword(SearchServiceImpl.java:73) ~[classes/:?]
	at com.marlabs.service.SearchServiceImplTest.testSearchKeyword(SearchServiceImplTest.java:30) ~[test-classes/:?]
	at sun.reflect.NativeMethodAccessorImpl.invoke0(Native Method) ~[?:1.8.0_171]
	at sun.reflect.NativeMethodAccessorImpl.invoke(Unknown Source) ~[?:1.8.0_171]
	at sun.reflect.DelegatingMethodAccessorImpl.invoke(Unknown Source) ~[?:1.8.0_171]
	at java.lang.reflect.Method.invoke(Unknown Source) ~[?:1.8.0_171]
	at org.junit.platform.commons.util.ReflectionUtils.invokeMethod(ReflectionUtils.java:675) ~[org.junit.platform.commons_1.5.1.v20190826-0900.jar:1.5.1]
	at org.junit.jupiter.engine.execution.MethodInvocation.proceed(MethodInvocation.java:60) ~[org.junit.jupiter.engine_5.5.1.v20190826-0900.jar:5.5.1]
	at org.junit.jupiter.engine.execution.InvocationInterceptorChain$ValidatingInvocation.proceed(InvocationInterceptorChain.java:125) ~[org.junit.jupiter.engine_5.5.1.v20190826-0900.jar:5.5.1]
	at org.junit.jupiter.engine.extension.TimeoutExtension.intercept(TimeoutExtension.java:132) ~[org.junit.jupiter.engine_5.5.1.v20190826-0900.jar:5.5.1]
	at org.junit.jupiter.engine.extension.TimeoutExtension.interceptTestableMethod(TimeoutExtension.java:124) ~[org.junit.jupiter.engine_5.5.1.v20190826-0900.jar:5.5.1]
	at org.junit.jupiter.engine.extension.TimeoutExtension.interceptTestTemplateMethod(TimeoutExtension.java:81) ~[org.junit.jupiter.engine_5.5.1.v20190826-0900.jar:5.5.1]
	at org.junit.jupiter.engine.execution.ExecutableInvoker$ReflectiveInterceptorCall.lambda$ofVoidMethod$0(ExecutableInvoker.java:115) ~[org.junit.jupiter.engine_5.5.1.v20190826-0900.jar:5.5.1]
	at org.junit.jupiter.engine.execution.ExecutableInvoker.lambda$invoke$0(ExecutableInvoker.java:105) ~[org.junit.jupiter.engine_5.5.1.v20190826-0900.jar:5.5.1]
	at org.junit.jupiter.engine.execution.InvocationInterceptorChain$InterceptedInvocation.proceed(InvocationInterceptorChain.java:104) ~[org.junit.jupiter.engine_5.5.1.v20190826-0900.jar:5.5.1]
	at org.junit.jupiter.engine.execution.InvocationInterceptorChain.proceed(InvocationInterceptorChain.java:62) ~[org.junit.jupiter.engine_5.5.1.v20190826-0900.jar:5.5.1]
	at org.junit.jupiter.engine.execution.InvocationInterceptorChain.chainAndInvoke(InvocationInterceptorChain.java:43) ~[org.junit.jupiter.engine_5.5.1.v20190826-0900.jar:5.5.1]
	at org.junit.jupiter.engine.execution.InvocationInterceptorChain.invoke(InvocationInterceptorChain.java:35) ~[org.junit.jupiter.engine_5.5.1.v20190826-0900.jar:5.5.1]
	at org.junit.jupiter.engine.execution.ExecutableInvoker.invoke(ExecutableInvoker.java:104) ~[org.junit.jupiter.engine_5.5.1.v20190826-0900.jar:5.5.1]
	at org.junit.jupiter.engine.execution.ExecutableInvoker.invoke(ExecutableInvoker.java:98) ~[org.junit.jupiter.engine_5.5.1.v20190826-0900.jar:5.5.1]
	at org.junit.jupiter.engine.descriptor.TestMethodTestDescriptor.lambda$invokeTestMethod$6(TestMethodTestDescriptor.java:202) ~[org.junit.jupiter.engine_5.5.1.v20190826-0900.jar:5.5.1]
	at org.junit.platform.engine.support.hierarchical.ThrowableCollector.execute(ThrowableCollector.java:73) ~[org.junit.platform.engine_1.5.1.v20190826-0900.jar:1.5.1]
	at org.junit.jupiter.engine.descriptor.TestMethodTestDescriptor.invokeTestMethod(TestMethodTestDescriptor.java:198) ~[org.junit.jupiter.engine_5.5.1.v20190826-0900.jar:5.5.1]
	at org.junit.jupiter.engine.descriptor.TestMethodTestDescriptor.execute(TestMethodTestDescriptor.java:135) ~[org.junit.jupiter.engine_5.5.1.v20190826-0900.jar:5.5.1]
	at org.junit.jupiter.engine.descriptor.TestMethodTestDescriptor.execute(TestMethodTestDescriptor.java:69) ~[org.junit.jupiter.engine_5.5.1.v20190826-0900.jar:5.5.1]
	at org.junit.platform.engine.support.hierarchical.NodeTestTask.lambda$executeRecursively$5(NodeTestTask.java:135) ~[org.junit.platform.engine_1.5.1.v20190826-0900.jar:1.5.1]
	at org.junit.platform.engine.support.hierarchical.ThrowableCollector.execute(ThrowableCollector.java:73) ~[org.junit.platform.engine_1.5.1.v20190826-0900.jar:1.5.1]
	at org.junit.platform.engine.support.hierarchical.NodeTestTask.lambda$executeRecursively$7(NodeTestTask.java:125) ~[org.junit.platform.engine_1.5.1.v20190826-0900.jar:1.5.1]
	at org.junit.platform.engine.support.hierarchical.Node.around(Node.java:135) ~[org.junit.platform.engine_1.5.1.v20190826-0900.jar:1.5.1]
	at org.junit.platform.engine.support.hierarchical.NodeTestTask.lambda$executeRecursively$8(NodeTestTask.java:123) ~[org.junit.platform.engine_1.5.1.v20190826-0900.jar:1.5.1]
	at org.junit.platform.engine.support.hierarchical.ThrowableCollector.execute(ThrowableCollector.java:73) ~[org.junit.platform.engine_1.5.1.v20190826-0900.jar:1.5.1]
	at org.junit.platform.engine.support.hierarchical.NodeTestTask.executeRecursively(NodeTestTask.java:122) ~[org.junit.platform.engine_1.5.1.v20190826-0900.jar:1.5.1]
	at org.junit.platform.engine.support.hierarchical.NodeTestTask.execute(NodeTestTask.java:80) ~[org.junit.platform.engine_1.5.1.v20190826-0900.jar:1.5.1]
	at org.junit.platform.engine.support.hierarchical.SameThreadHierarchicalTestExecutorService.submit(SameThreadHierarchicalTestExecutorService.java:32) ~[org.junit.platform.engine_1.5.1.v20190826-0900.jar:1.5.1]
	at org.junit.platform.engine.support.hierarchical.NodeTestTask$DefaultDynamicTestExecutor.execute(NodeTestTask.java:198) ~[org.junit.platform.engine_1.5.1.v20190826-0900.jar:1.5.1]
	at org.junit.jupiter.engine.descriptor.TestTemplateTestDescriptor.execute(TestTemplateTestDescriptor.java:138) ~[org.junit.jupiter.engine_5.5.1.v20190826-0900.jar:5.5.1]
	at org.junit.jupiter.engine.descriptor.TestTemplateTestDescriptor.lambda$execute$2(TestTemplateTestDescriptor.java:106) ~[org.junit.jupiter.engine_5.5.1.v20190826-0900.jar:5.5.1]
	at java.util.stream.ForEachOps$ForEachOp$OfRef.accept(Unknown Source) ~[?:1.8.0_171]
	at java.util.stream.ReferencePipeline$3$1.accept(Unknown Source) ~[?:1.8.0_171]
	at java.util.stream.ReferencePipeline$2$1.accept(Unknown Source) ~[?:1.8.0_171]
	at java.util.stream.ReferencePipeline$3$1.accept(Unknown Source) ~[?:1.8.0_171]
	at java.util.stream.ForEachOps$ForEachOp$OfRef.accept(Unknown Source) ~[?:1.8.0_171]
	at java.util.stream.ReferencePipeline$11$1.accept(Unknown Source) ~[?:1.8.0_171]
	at java.util.stream.ReferencePipeline$3$1.accept(Unknown Source) ~[?:1.8.0_171]
	at java.util.stream.ReferencePipeline$3$1.accept(Unknown Source) ~[?:1.8.0_171]
	at java.util.stream.ReferencePipeline$3$1.accept(Unknown Source) ~[?:1.8.0_171]
	at java.util.stream.ForEachOps$ForEachOp$OfRef.accept(Unknown Source) ~[?:1.8.0_171]
	at java.util.stream.ReferencePipeline$3$1.accept(Unknown Source) ~[?:1.8.0_171]
	at java.util.Spliterators$ArraySpliterator.forEachRemaining(Unknown Source) ~[?:1.8.0_171]
	at java.util.stream.ReferencePipeline$Head.forEach(Unknown Source) ~[?:1.8.0_171]
	at java.util.stream.ReferencePipeline$7$1.accept(Unknown Source) ~[?:1.8.0_171]
	at java.util.stream.ReferencePipeline$3$1.accept(Unknown Source) ~[?:1.8.0_171]
	at java.util.stream.ReferencePipeline$3$1.accept(Unknown Source) ~[?:1.8.0_171]
	at java.util.Spliterators$ArraySpliterator.forEachRemaining(Unknown Source) ~[?:1.8.0_171]
	at java.util.stream.AbstractPipeline.copyInto(Unknown Source) ~[?:1.8.0_171]
	at java.util.stream.AbstractPipeline.wrapAndCopyInto(Unknown Source) ~[?:1.8.0_171]
	at java.util.stream.ForEachOps$ForEachOp.evaluateSequential(Unknown Source) ~[?:1.8.0_171]
	at java.util.stream.ForEachOps$ForEachOp$OfRef.evaluateSequential(Unknown Source) ~[?:1.8.0_171]
	at java.util.stream.AbstractPipeline.evaluate(Unknown Source) ~[?:1.8.0_171]
	at java.util.stream.ReferencePipeline.forEach(Unknown Source) ~[?:1.8.0_171]
	at java.util.stream.ReferencePipeline$7$1.accept(Unknown Source) ~[?:1.8.0_171]
	at java.util.stream.ReferencePipeline$3$1.accept(Unknown Source) ~[?:1.8.0_171]
	at java.util.stream.ReferencePipeline$3$1.accept(Unknown Source) ~[?:1.8.0_171]
	at java.util.stream.ReferencePipeline$3$1.accept(Unknown Source) ~[?:1.8.0_171]
	at java.util.ArrayList$ArrayListSpliterator.forEachRemaining(Unknown Source) ~[?:1.8.0_171]
	at java.util.stream.AbstractPipeline.copyInto(Unknown Source) ~[?:1.8.0_171]
	at java.util.stream.AbstractPipeline.wrapAndCopyInto(Unknown Source) ~[?:1.8.0_171]
	at java.util.stream.ForEachOps$ForEachOp.evaluateSequential(Unknown Source) ~[?:1.8.0_171]
	at java.util.stream.ForEachOps$ForEachOp$OfRef.evaluateSequential(Unknown Source) ~[?:1.8.0_171]
	at java.util.stream.AbstractPipeline.evaluate(Unknown Source) ~[?:1.8.0_171]
	at java.util.stream.ReferencePipeline.forEach(Unknown Source) ~[?:1.8.0_171]
	at java.util.stream.ReferencePipeline$7$1.accept(Unknown Source) ~[?:1.8.0_171]
	at java.util.ArrayList$ArrayListSpliterator.forEachRemaining(Unknown Source) ~[?:1.8.0_171]
	at java.util.stream.AbstractPipeline.copyInto(Unknown Source) ~[?:1.8.0_171]
	at java.util.stream.AbstractPipeline.wrapAndCopyInto(Unknown Source) ~[?:1.8.0_171]
	at java.util.stream.ForEachOps$ForEachOp.evaluateSequential(Unknown Source) ~[?:1.8.0_171]
	at java.util.stream.ForEachOps$ForEachOp$OfRef.evaluateSequential(Unknown Source) ~[?:1.8.0_171]
	at java.util.stream.AbstractPipeline.evaluate(Unknown Source) ~[?:1.8.0_171]
	at java.util.stream.ReferencePipeline.forEach(Unknown Source) ~[?:1.8.0_171]
	at org.junit.jupiter.engine.descriptor.TestTemplateTestDescriptor.execute(TestTemplateTestDescriptor.java:106) ~[org.junit.jupiter.engine_5.5.1.v20190826-0900.jar:5.5.1]
	at org.junit.jupiter.engine.descriptor.TestTemplateTestDescriptor.execute(TestTemplateTestDescriptor.java:41) ~[org.junit.jupiter.engine_5.5.1.v20190826-0900.jar:5.5.1]
	at org.junit.platform.engine.support.hierarchical.NodeTestTask.lambda$executeRecursively$5(NodeTestTask.java:135) ~[org.junit.platform.engine_1.5.1.v20190826-0900.jar:1.5.1]
	at org.junit.platform.engine.support.hierarchical.ThrowableCollector.execute(ThrowableCollector.java:73) ~[org.junit.platform.engine_1.5.1.v20190826-0900.jar:1.5.1]
	at org.junit.platform.engine.support.hierarchical.NodeTestTask.lambda$executeRecursively$7(NodeTestTask.java:125) ~[org.junit.platform.engine_1.5.1.v20190826-0900.jar:1.5.1]
	at org.junit.platform.engine.support.hierarchical.Node.around(Node.java:135) ~[org.junit.platform.engine_1.5.1.v20190826-0900.jar:1.5.1]
	at org.junit.platform.engine.support.hierarchical.NodeTestTask.lambda$executeRecursively$8(NodeTestTask.java:123) ~[org.junit.platform.engine_1.5.1.v20190826-0900.jar:1.5.1]
	at org.junit.platform.engine.support.hierarchical.ThrowableCollector.execute(ThrowableCollector.java:73) ~[org.junit.platform.engine_1.5.1.v20190826-0900.jar:1.5.1]
	at org.junit.platform.engine.support.hierarchical.NodeTestTask.executeRecursively(NodeTestTask.java:122) ~[org.junit.platform.engine_1.5.1.v20190826-0900.jar:1.5.1]
	at org.junit.platform.engine.support.hierarchical.NodeTestTask.execute(NodeTestTask.java:80) ~[org.junit.platform.engine_1.5.1.v20190826-0900.jar:1.5.1]
	at java.util.ArrayList.forEach(Unknown Source) ~[?:1.8.0_171]
	at org.junit.platform.engine.support.hierarchical.SameThreadHierarchicalTestExecutorService.invokeAll(SameThreadHierarchicalTestExecutorService.java:38) ~[org.junit.platform.engine_1.5.1.v20190826-0900.jar:1.5.1]
	at org.junit.platform.engine.support.hierarchical.NodeTestTask.lambda$executeRecursively$5(NodeTestTask.java:139) ~[org.junit.platform.engine_1.5.1.v20190826-0900.jar:1.5.1]
	at org.junit.platform.engine.support.hierarchical.ThrowableCollector.execute(ThrowableCollector.java:73) ~[org.junit.platform.engine_1.5.1.v20190826-0900.jar:1.5.1]
	at org.junit.platform.engine.support.hierarchical.NodeTestTask.lambda$executeRecursively$7(NodeTestTask.java:125) ~[org.junit.platform.engine_1.5.1.v20190826-0900.jar:1.5.1]
	at org.junit.platform.engine.support.hierarchical.Node.around(Node.java:135) ~[org.junit.platform.engine_1.5.1.v20190826-0900.jar:1.5.1]
	at org.junit.platform.engine.support.hierarchical.NodeTestTask.lambda$executeRecursively$8(NodeTestTask.java:123) ~[org.junit.platform.engine_1.5.1.v20190826-0900.jar:1.5.1]
	at org.junit.platform.engine.support.hierarchical.ThrowableCollector.execute(ThrowableCollector.java:73) ~[org.junit.platform.engine_1.5.1.v20190826-0900.jar:1.5.1]
	at org.junit.platform.engine.support.hierarchical.NodeTestTask.executeRecursively(NodeTestTask.java:122) ~[org.junit.platform.engine_1.5.1.v20190826-0900.jar:1.5.1]
	at org.junit.platform.engine.support.hierarchical.NodeTestTask.execute(NodeTestTask.java:80) ~[org.junit.platform.engine_1.5.1.v20190826-0900.jar:1.5.1]
	at java.util.ArrayList.forEach(Unknown Source) ~[?:1.8.0_171]
	at org.junit.platform.engine.support.hierarchical.SameThreadHierarchicalTestExecutorService.invokeAll(SameThreadHierarchicalTestExecutorService.java:38) ~[org.junit.platform.engine_1.5.1.v20190826-0900.jar:1.5.1]
	at org.junit.platform.engine.support.hierarchical.NodeTestTask.lambda$executeRecursively$5(NodeTestTask.java:139) ~[org.junit.platform.engine_1.5.1.v20190826-0900.jar:1.5.1]
	at org.junit.platform.engine.support.hierarchical.ThrowableCollector.execute(ThrowableCollector.java:73) ~[org.junit.platform.engine_1.5.1.v20190826-0900.jar:1.5.1]
	at org.junit.platform.engine.support.hierarchical.NodeTestTask.lambda$executeRecursively$7(NodeTestTask.java:125) ~[org.junit.platform.engine_1.5.1.v20190826-0900.jar:1.5.1]
	at org.junit.platform.engine.support.hierarchical.Node.around(Node.java:135) ~[org.junit.platform.engine_1.5.1.v20190826-0900.jar:1.5.1]
	at org.junit.platform.engine.support.hierarchical.NodeTestTask.lambda$executeRecursively$8(NodeTestTask.java:123) ~[org.junit.platform.engine_1.5.1.v20190826-0900.jar:1.5.1]
	at org.junit.platform.engine.support.hierarchical.ThrowableCollector.execute(ThrowableCollector.java:73) ~[org.junit.platform.engine_1.5.1.v20190826-0900.jar:1.5.1]
	at org.junit.platform.engine.support.hierarchical.NodeTestTask.executeRecursively(NodeTestTask.java:122) ~[org.junit.platform.engine_1.5.1.v20190826-0900.jar:1.5.1]
	at org.junit.platform.engine.support.hierarchical.NodeTestTask.execute(NodeTestTask.java:80) ~[org.junit.platform.engine_1.5.1.v20190826-0900.jar:1.5.1]
	at org.junit.platform.engine.support.hierarchical.SameThreadHierarchicalTestExecutorService.submit(SameThreadHierarchicalTestExecutorService.java:32) ~[org.junit.platform.engine_1.5.1.v20190826-0900.jar:1.5.1]
	at org.junit.platform.engine.support.hierarchical.HierarchicalTestExecutor.execute(HierarchicalTestExecutor.java:57) ~[org.junit.platform.engine_1.5.1.v20190826-0900.jar:1.5.1]
	at org.junit.platform.engine.support.hierarchical.HierarchicalTestEngine.execute(HierarchicalTestEngine.java:51) ~[org.junit.platform.engine_1.5.1.v20190826-0900.jar:1.5.1]
	at org.junit.platform.launcher.core.DefaultLauncher.execute(DefaultLauncher.java:229) ~[org.junit.platform.launcher_1.5.1.v20190826-0900.jar:1.5.1]
	at org.junit.platform.launcher.core.DefaultLauncher.lambda$execute$6(DefaultLauncher.java:197) ~[org.junit.platform.launcher_1.5.1.v20190826-0900.jar:1.5.1]
	at org.junit.platform.launcher.core.DefaultLauncher.withInterceptedStreams(DefaultLauncher.java:211) [org.junit.platform.launcher_1.5.1.v20190826-0900.jar:1.5.1]
	at org.junit.platform.launcher.core.DefaultLauncher.execute(DefaultLauncher.java:191) [org.junit.platform.launcher_1.5.1.v20190826-0900.jar:1.5.1]
	at org.junit.platform.launcher.core.DefaultLauncher.execute(DefaultLauncher.java:137) [org.junit.platform.launcher_1.5.1.v20190826-0900.jar:1.5.1]
	at org.eclipse.jdt.internal.junit5.runner.JUnit5TestReference.run(JUnit5TestReference.java:89) [.cp/:?]
	at org.eclipse.jdt.internal.junit.runner.TestExecution.run(TestExecution.java:41) [.cp/:?]
	at org.eclipse.jdt.internal.junit.runner.RemoteTestRunner.runTests(RemoteTestRunner.java:541) [.cp/:?]
	at org.eclipse.jdt.internal.junit.runner.RemoteTestRunner.runTests(RemoteTestRunner.java:763) [.cp/:?]
	at org.eclipse.jdt.internal.junit.runner.RemoteTestRunner.run(RemoteTestRunner.java:463) [.cp/:?]
	at org.eclipse.jdt.internal.junit.runner.RemoteTestRunner.main(RemoteTestRunner.java:209) [.cp/:?]
2019-09-30 16:08:06 [main] INFO  Main:36 - openDirectory() initialized
2019-09-30 16:08:11 [main] INFO  Main:61 - searchKeyword() initialized
2019-09-30 16:08:11 [main] ERROR Main:90 - D:\books\null
java.nio.file.NoSuchFileException: D:\books\null
	at sun.nio.fs.WindowsException.translateToIOException(Unknown Source) ~[?:1.8.0_171]
	at sun.nio.fs.WindowsException.rethrowAsIOException(Unknown Source) ~[?:1.8.0_171]
	at sun.nio.fs.WindowsException.rethrowAsIOException(Unknown Source) ~[?:1.8.0_171]
	at sun.nio.fs.WindowsFileSystemProvider.newByteChannel(Unknown Source) ~[?:1.8.0_171]
	at java.nio.file.Files.newByteChannel(Unknown Source) ~[?:1.8.0_171]
	at java.nio.file.Files.newByteChannel(Unknown Source) ~[?:1.8.0_171]
	at java.nio.file.spi.FileSystemProvider.newInputStream(Unknown Source) ~[?:1.8.0_171]
	at java.nio.file.Files.newInputStream(Unknown Source) ~[?:1.8.0_171]
	at java.nio.file.Files.newBufferedReader(Unknown Source) ~[?:1.8.0_171]
	at java.nio.file.Files.lines(Unknown Source) ~[?:1.8.0_171]
	at java.nio.file.Files.lines(Unknown Source) ~[?:1.8.0_171]
	at com.marlabs.service.SearchServiceImpl.searchKeyword(SearchServiceImpl.java:73) [classes/:?]
	at com.marlabs.Main.main(Main.java:32) [classes/:?]
2019-09-30 16:08:11 [main] ERROR Main:36 - Exception while reading the file.
2019-09-30 17:01:10 [main] INFO  Main:36 - openDirectory() initialized
2019-09-30 17:01:10 [main] INFO  Main:36 - openDirectory() initialized
2019-09-30 17:01:10 [main] INFO  Main:36 - openDirectory() initialized
2019-09-30 17:01:10 [main] INFO  Main:36 - openDirectory() initialized
2019-09-30 17:01:10 [main] INFO  Main:61 - searchKeyword() initialized
2019-09-30 17:01:11 [main] INFO  Main:61 - searchKeyword() initialized
2019-09-30 17:01:11 [main] INFO  Main:61 - searchKeyword() initialized
2019-09-30 17:01:11 [main] INFO  Main:61 - searchKeyword() initialized
2019-09-30 17:01:11 [main] ERROR Main:90 - D:\books\null
java.nio.file.NoSuchFileException: D:\books\null
	at sun.nio.fs.WindowsException.translateToIOException(Unknown Source) ~[?:1.8.0_171]
	at sun.nio.fs.WindowsException.rethrowAsIOException(Unknown Source) ~[?:1.8.0_171]
	at sun.nio.fs.WindowsException.rethrowAsIOException(Unknown Source) ~[?:1.8.0_171]
	at sun.nio.fs.WindowsFileSystemProvider.newByteChannel(Unknown Source) ~[?:1.8.0_171]
	at java.nio.file.Files.newByteChannel(Unknown Source) ~[?:1.8.0_171]
	at java.nio.file.Files.newByteChannel(Unknown Source) ~[?:1.8.0_171]
	at java.nio.file.spi.FileSystemProvider.newInputStream(Unknown Source) ~[?:1.8.0_171]
	at java.nio.file.Files.newInputStream(Unknown Source) ~[?:1.8.0_171]
	at java.nio.file.Files.newBufferedReader(Unknown Source) ~[?:1.8.0_171]
	at java.nio.file.Files.lines(Unknown Source) ~[?:1.8.0_171]
	at java.nio.file.Files.lines(Unknown Source) ~[?:1.8.0_171]
	at com.marlabs.service.SearchServiceImpl.searchKeyword(SearchServiceImpl.java:73) ~[classes/:?]
	at com.marlabs.service.SearchServiceImplTest.testSearchKeyword(SearchServiceImplTest.java:29) ~[test-classes/:?]
	at sun.reflect.NativeMethodAccessorImpl.invoke0(Native Method) ~[?:1.8.0_171]
	at sun.reflect.NativeMethodAccessorImpl.invoke(Unknown Source) ~[?:1.8.0_171]
	at sun.reflect.DelegatingMethodAccessorImpl.invoke(Unknown Source) ~[?:1.8.0_171]
	at java.lang.reflect.Method.invoke(Unknown Source) ~[?:1.8.0_171]
	at org.junit.platform.commons.util.ReflectionUtils.invokeMethod(ReflectionUtils.java:675) ~[org.junit.platform.commons_1.5.1.v20190826-0900.jar:1.5.1]
	at org.junit.jupiter.engine.execution.MethodInvocation.proceed(MethodInvocation.java:60) ~[org.junit.jupiter.engine_5.5.1.v20190826-0900.jar:5.5.1]
	at org.junit.jupiter.engine.execution.InvocationInterceptorChain$ValidatingInvocation.proceed(InvocationInterceptorChain.java:125) ~[org.junit.jupiter.engine_5.5.1.v20190826-0900.jar:5.5.1]
	at org.junit.jupiter.engine.extension.TimeoutExtension.intercept(TimeoutExtension.java:132) ~[org.junit.jupiter.engine_5.5.1.v20190826-0900.jar:5.5.1]
	at org.junit.jupiter.engine.extension.TimeoutExtension.interceptTestableMethod(TimeoutExtension.java:124) ~[org.junit.jupiter.engine_5.5.1.v20190826-0900.jar:5.5.1]
	at org.junit.jupiter.engine.extension.TimeoutExtension.interceptTestTemplateMethod(TimeoutExtension.java:81) ~[org.junit.jupiter.engine_5.5.1.v20190826-0900.jar:5.5.1]
	at org.junit.jupiter.engine.execution.ExecutableInvoker$ReflectiveInterceptorCall.lambda$ofVoidMethod$0(ExecutableInvoker.java:115) ~[org.junit.jupiter.engine_5.5.1.v20190826-0900.jar:5.5.1]
	at org.junit.jupiter.engine.execution.ExecutableInvoker.lambda$invoke$0(ExecutableInvoker.java:105) ~[org.junit.jupiter.engine_5.5.1.v20190826-0900.jar:5.5.1]
	at org.junit.jupiter.engine.execution.InvocationInterceptorChain$InterceptedInvocation.proceed(InvocationInterceptorChain.java:104) ~[org.junit.jupiter.engine_5.5.1.v20190826-0900.jar:5.5.1]
	at org.junit.jupiter.engine.execution.InvocationInterceptorChain.proceed(InvocationInterceptorChain.java:62) ~[org.junit.jupiter.engine_5.5.1.v20190826-0900.jar:5.5.1]
	at org.junit.jupiter.engine.execution.InvocationInterceptorChain.chainAndInvoke(InvocationInterceptorChain.java:43) ~[org.junit.jupiter.engine_5.5.1.v20190826-0900.jar:5.5.1]
	at org.junit.jupiter.engine.execution.InvocationInterceptorChain.invoke(InvocationInterceptorChain.java:35) ~[org.junit.jupiter.engine_5.5.1.v20190826-0900.jar:5.5.1]
	at org.junit.jupiter.engine.execution.ExecutableInvoker.invoke(ExecutableInvoker.java:104) ~[org.junit.jupiter.engine_5.5.1.v20190826-0900.jar:5.5.1]
	at org.junit.jupiter.engine.execution.ExecutableInvoker.invoke(ExecutableInvoker.java:98) ~[org.junit.jupiter.engine_5.5.1.v20190826-0900.jar:5.5.1]
	at org.junit.jupiter.engine.descriptor.TestMethodTestDescriptor.lambda$invokeTestMethod$6(TestMethodTestDescriptor.java:202) ~[org.junit.jupiter.engine_5.5.1.v20190826-0900.jar:5.5.1]
	at org.junit.platform.engine.support.hierarchical.ThrowableCollector.execute(ThrowableCollector.java:73) ~[org.junit.platform.engine_1.5.1.v20190826-0900.jar:1.5.1]
	at org.junit.jupiter.engine.descriptor.TestMethodTestDescriptor.invokeTestMethod(TestMethodTestDescriptor.java:198) ~[org.junit.jupiter.engine_5.5.1.v20190826-0900.jar:5.5.1]
	at org.junit.jupiter.engine.descriptor.TestMethodTestDescriptor.execute(TestMethodTestDescriptor.java:135) ~[org.junit.jupiter.engine_5.5.1.v20190826-0900.jar:5.5.1]
	at org.junit.jupiter.engine.descriptor.TestMethodTestDescriptor.execute(TestMethodTestDescriptor.java:69) ~[org.junit.jupiter.engine_5.5.1.v20190826-0900.jar:5.5.1]
	at org.junit.platform.engine.support.hierarchical.NodeTestTask.lambda$executeRecursively$5(NodeTestTask.java:135) ~[org.junit.platform.engine_1.5.1.v20190826-0900.jar:1.5.1]
	at org.junit.platform.engine.support.hierarchical.ThrowableCollector.execute(ThrowableCollector.java:73) ~[org.junit.platform.engine_1.5.1.v20190826-0900.jar:1.5.1]
	at org.junit.platform.engine.support.hierarchical.NodeTestTask.lambda$executeRecursively$7(NodeTestTask.java:125) ~[org.junit.platform.engine_1.5.1.v20190826-0900.jar:1.5.1]
	at org.junit.platform.engine.support.hierarchical.Node.around(Node.java:135) ~[org.junit.platform.engine_1.5.1.v20190826-0900.jar:1.5.1]
	at org.junit.platform.engine.support.hierarchical.NodeTestTask.lambda$executeRecursively$8(NodeTestTask.java:123) ~[org.junit.platform.engine_1.5.1.v20190826-0900.jar:1.5.1]
	at org.junit.platform.engine.support.hierarchical.ThrowableCollector.execute(ThrowableCollector.java:73) ~[org.junit.platform.engine_1.5.1.v20190826-0900.jar:1.5.1]
	at org.junit.platform.engine.support.hierarchical.NodeTestTask.executeRecursively(NodeTestTask.java:122) ~[org.junit.platform.engine_1.5.1.v20190826-0900.jar:1.5.1]
	at org.junit.platform.engine.support.hierarchical.NodeTestTask.execute(NodeTestTask.java:80) ~[org.junit.platform.engine_1.5.1.v20190826-0900.jar:1.5.1]
	at org.junit.platform.engine.support.hierarchical.SameThreadHierarchicalTestExecutorService.submit(SameThreadHierarchicalTestExecutorService.java:32) ~[org.junit.platform.engine_1.5.1.v20190826-0900.jar:1.5.1]
	at org.junit.platform.engine.support.hierarchical.NodeTestTask$DefaultDynamicTestExecutor.execute(NodeTestTask.java:198) ~[org.junit.platform.engine_1.5.1.v20190826-0900.jar:1.5.1]
	at org.junit.jupiter.engine.descriptor.TestTemplateTestDescriptor.execute(TestTemplateTestDescriptor.java:138) ~[org.junit.jupiter.engine_5.5.1.v20190826-0900.jar:5.5.1]
	at org.junit.jupiter.engine.descriptor.TestTemplateTestDescriptor.lambda$execute$2(TestTemplateTestDescriptor.java:106) ~[org.junit.jupiter.engine_5.5.1.v20190826-0900.jar:5.5.1]
	at java.util.stream.ForEachOps$ForEachOp$OfRef.accept(Unknown Source) ~[?:1.8.0_171]
	at java.util.stream.ReferencePipeline$3$1.accept(Unknown Source) ~[?:1.8.0_171]
	at java.util.stream.ReferencePipeline$2$1.accept(Unknown Source) ~[?:1.8.0_171]
	at java.util.stream.ReferencePipeline$3$1.accept(Unknown Source) ~[?:1.8.0_171]
	at java.util.stream.ForEachOps$ForEachOp$OfRef.accept(Unknown Source) ~[?:1.8.0_171]
	at java.util.stream.ReferencePipeline$11$1.accept(Unknown Source) ~[?:1.8.0_171]
	at java.util.stream.ReferencePipeline$3$1.accept(Unknown Source) ~[?:1.8.0_171]
	at java.util.stream.ReferencePipeline$3$1.accept(Unknown Source) ~[?:1.8.0_171]
	at java.util.stream.ReferencePipeline$3$1.accept(Unknown Source) ~[?:1.8.0_171]
	at java.util.stream.ForEachOps$ForEachOp$OfRef.accept(Unknown Source) ~[?:1.8.0_171]
	at java.util.stream.ReferencePipeline$3$1.accept(Unknown Source) ~[?:1.8.0_171]
	at java.util.Spliterators$ArraySpliterator.forEachRemaining(Unknown Source) ~[?:1.8.0_171]
	at java.util.stream.ReferencePipeline$Head.forEach(Unknown Source) ~[?:1.8.0_171]
	at java.util.stream.ReferencePipeline$7$1.accept(Unknown Source) ~[?:1.8.0_171]
	at java.util.stream.ReferencePipeline$3$1.accept(Unknown Source) ~[?:1.8.0_171]
	at java.util.stream.ReferencePipeline$3$1.accept(Unknown Source) ~[?:1.8.0_171]
	at java.util.Spliterators$ArraySpliterator.forEachRemaining(Unknown Source) ~[?:1.8.0_171]
	at java.util.stream.AbstractPipeline.copyInto(Unknown Source) ~[?:1.8.0_171]
	at java.util.stream.AbstractPipeline.wrapAndCopyInto(Unknown Source) ~[?:1.8.0_171]
	at java.util.stream.ForEachOps$ForEachOp.evaluateSequential(Unknown Source) ~[?:1.8.0_171]
	at java.util.stream.ForEachOps$ForEachOp$OfRef.evaluateSequential(Unknown Source) ~[?:1.8.0_171]
	at java.util.stream.AbstractPipeline.evaluate(Unknown Source) ~[?:1.8.0_171]
	at java.util.stream.ReferencePipeline.forEach(Unknown Source) ~[?:1.8.0_171]
	at java.util.stream.ReferencePipeline$7$1.accept(Unknown Source) ~[?:1.8.0_171]
	at java.util.stream.ReferencePipeline$3$1.accept(Unknown Source) ~[?:1.8.0_171]
	at java.util.stream.ReferencePipeline$3$1.accept(Unknown Source) ~[?:1.8.0_171]
	at java.util.stream.ReferencePipeline$3$1.accept(Unknown Source) ~[?:1.8.0_171]
	at java.util.ArrayList$ArrayListSpliterator.forEachRemaining(Unknown Source) ~[?:1.8.0_171]
	at java.util.stream.AbstractPipeline.copyInto(Unknown Source) ~[?:1.8.0_171]
	at java.util.stream.AbstractPipeline.wrapAndCopyInto(Unknown Source) ~[?:1.8.0_171]
	at java.util.stream.ForEachOps$ForEachOp.evaluateSequential(Unknown Source) ~[?:1.8.0_171]
	at java.util.stream.ForEachOps$ForEachOp$OfRef.evaluateSequential(Unknown Source) ~[?:1.8.0_171]
	at java.util.stream.AbstractPipeline.evaluate(Unknown Source) ~[?:1.8.0_171]
	at java.util.stream.ReferencePipeline.forEach(Unknown Source) ~[?:1.8.0_171]
	at java.util.stream.ReferencePipeline$7$1.accept(Unknown Source) ~[?:1.8.0_171]
	at java.util.ArrayList$ArrayListSpliterator.forEachRemaining(Unknown Source) ~[?:1.8.0_171]
	at java.util.stream.AbstractPipeline.copyInto(Unknown Source) ~[?:1.8.0_171]
	at java.util.stream.AbstractPipeline.wrapAndCopyInto(Unknown Source) ~[?:1.8.0_171]
	at java.util.stream.ForEachOps$ForEachOp.evaluateSequential(Unknown Source) ~[?:1.8.0_171]
	at java.util.stream.ForEachOps$ForEachOp$OfRef.evaluateSequential(Unknown Source) ~[?:1.8.0_171]
	at java.util.stream.AbstractPipeline.evaluate(Unknown Source) ~[?:1.8.0_171]
	at java.util.stream.ReferencePipeline.forEach(Unknown Source) ~[?:1.8.0_171]
	at org.junit.jupiter.engine.descriptor.TestTemplateTestDescriptor.execute(TestTemplateTestDescriptor.java:106) ~[org.junit.jupiter.engine_5.5.1.v20190826-0900.jar:5.5.1]
	at org.junit.jupiter.engine.descriptor.TestTemplateTestDescriptor.execute(TestTemplateTestDescriptor.java:41) ~[org.junit.jupiter.engine_5.5.1.v20190826-0900.jar:5.5.1]
	at org.junit.platform.engine.support.hierarchical.NodeTestTask.lambda$executeRecursively$5(NodeTestTask.java:135) ~[org.junit.platform.engine_1.5.1.v20190826-0900.jar:1.5.1]
	at org.junit.platform.engine.support.hierarchical.ThrowableCollector.execute(ThrowableCollector.java:73) ~[org.junit.platform.engine_1.5.1.v20190826-0900.jar:1.5.1]
	at org.junit.platform.engine.support.hierarchical.NodeTestTask.lambda$executeRecursively$7(NodeTestTask.java:125) ~[org.junit.platform.engine_1.5.1.v20190826-0900.jar:1.5.1]
	at org.junit.platform.engine.support.hierarchical.Node.around(Node.java:135) ~[org.junit.platform.engine_1.5.1.v20190826-0900.jar:1.5.1]
	at org.junit.platform.engine.support.hierarchical.NodeTestTask.lambda$executeRecursively$8(NodeTestTask.java:123) ~[org.junit.platform.engine_1.5.1.v20190826-0900.jar:1.5.1]
	at org.junit.platform.engine.support.hierarchical.ThrowableCollector.execute(ThrowableCollector.java:73) ~[org.junit.platform.engine_1.5.1.v20190826-0900.jar:1.5.1]
	at org.junit.platform.engine.support.hierarchical.NodeTestTask.executeRecursively(NodeTestTask.java:122) ~[org.junit.platform.engine_1.5.1.v20190826-0900.jar:1.5.1]
	at org.junit.platform.engine.support.hierarchical.NodeTestTask.execute(NodeTestTask.java:80) ~[org.junit.platform.engine_1.5.1.v20190826-0900.jar:1.5.1]
	at java.util.ArrayList.forEach(Unknown Source) ~[?:1.8.0_171]
	at org.junit.platform.engine.support.hierarchical.SameThreadHierarchicalTestExecutorService.invokeAll(SameThreadHierarchicalTestExecutorService.java:38) ~[org.junit.platform.engine_1.5.1.v20190826-0900.jar:1.5.1]
	at org.junit.platform.engine.support.hierarchical.NodeTestTask.lambda$executeRecursively$5(NodeTestTask.java:139) ~[org.junit.platform.engine_1.5.1.v20190826-0900.jar:1.5.1]
	at org.junit.platform.engine.support.hierarchical.ThrowableCollector.execute(ThrowableCollector.java:73) ~[org.junit.platform.engine_1.5.1.v20190826-0900.jar:1.5.1]
	at org.junit.platform.engine.support.hierarchical.NodeTestTask.lambda$executeRecursively$7(NodeTestTask.java:125) ~[org.junit.platform.engine_1.5.1.v20190826-0900.jar:1.5.1]
	at org.junit.platform.engine.support.hierarchical.Node.around(Node.java:135) ~[org.junit.platform.engine_1.5.1.v20190826-0900.jar:1.5.1]
	at org.junit.platform.engine.support.hierarchical.NodeTestTask.lambda$executeRecursively$8(NodeTestTask.java:123) ~[org.junit.platform.engine_1.5.1.v20190826-0900.jar:1.5.1]
	at org.junit.platform.engine.support.hierarchical.ThrowableCollector.execute(ThrowableCollector.java:73) ~[org.junit.platform.engine_1.5.1.v20190826-0900.jar:1.5.1]
	at org.junit.platform.engine.support.hierarchical.NodeTestTask.executeRecursively(NodeTestTask.java:122) ~[org.junit.platform.engine_1.5.1.v20190826-0900.jar:1.5.1]
	at org.junit.platform.engine.support.hierarchical.NodeTestTask.execute(NodeTestTask.java:80) ~[org.junit.platform.engine_1.5.1.v20190826-0900.jar:1.5.1]
	at java.util.ArrayList.forEach(Unknown Source) ~[?:1.8.0_171]
	at org.junit.platform.engine.support.hierarchical.SameThreadHierarchicalTestExecutorService.invokeAll(SameThreadHierarchicalTestExecutorService.java:38) ~[org.junit.platform.engine_1.5.1.v20190826-0900.jar:1.5.1]
	at org.junit.platform.engine.support.hierarchical.NodeTestTask.lambda$executeRecursively$5(NodeTestTask.java:139) ~[org.junit.platform.engine_1.5.1.v20190826-0900.jar:1.5.1]
	at org.junit.platform.engine.support.hierarchical.ThrowableCollector.execute(ThrowableCollector.java:73) ~[org.junit.platform.engine_1.5.1.v20190826-0900.jar:1.5.1]
	at org.junit.platform.engine.support.hierarchical.NodeTestTask.lambda$executeRecursively$7(NodeTestTask.java:125) ~[org.junit.platform.engine_1.5.1.v20190826-0900.jar:1.5.1]
	at org.junit.platform.engine.support.hierarchical.Node.around(Node.java:135) ~[org.junit.platform.engine_1.5.1.v20190826-0900.jar:1.5.1]
	at org.junit.platform.engine.support.hierarchical.NodeTestTask.lambda$executeRecursively$8(NodeTestTask.java:123) ~[org.junit.platform.engine_1.5.1.v20190826-0900.jar:1.5.1]
	at org.junit.platform.engine.support.hierarchical.ThrowableCollector.execute(ThrowableCollector.java:73) ~[org.junit.platform.engine_1.5.1.v20190826-0900.jar:1.5.1]
	at org.junit.platform.engine.support.hierarchical.NodeTestTask.executeRecursively(NodeTestTask.java:122) ~[org.junit.platform.engine_1.5.1.v20190826-0900.jar:1.5.1]
	at org.junit.platform.engine.support.hierarchical.NodeTestTask.execute(NodeTestTask.java:80) ~[org.junit.platform.engine_1.5.1.v20190826-0900.jar:1.5.1]
	at org.junit.platform.engine.support.hierarchical.SameThreadHierarchicalTestExecutorService.submit(SameThreadHierarchicalTestExecutorService.java:32) ~[org.junit.platform.engine_1.5.1.v20190826-0900.jar:1.5.1]
	at org.junit.platform.engine.support.hierarchical.HierarchicalTestExecutor.execute(HierarchicalTestExecutor.java:57) ~[org.junit.platform.engine_1.5.1.v20190826-0900.jar:1.5.1]
	at org.junit.platform.engine.support.hierarchical.HierarchicalTestEngine.execute(HierarchicalTestEngine.java:51) ~[org.junit.platform.engine_1.5.1.v20190826-0900.jar:1.5.1]
	at org.junit.platform.launcher.core.DefaultLauncher.execute(DefaultLauncher.java:229) ~[org.junit.platform.launcher_1.5.1.v20190826-0900.jar:1.5.1]
	at org.junit.platform.launcher.core.DefaultLauncher.lambda$execute$6(DefaultLauncher.java:197) ~[org.junit.platform.launcher_1.5.1.v20190826-0900.jar:1.5.1]
	at org.junit.platform.launcher.core.DefaultLauncher.withInterceptedStreams(DefaultLauncher.java:211) [org.junit.platform.launcher_1.5.1.v20190826-0900.jar:1.5.1]
	at org.junit.platform.launcher.core.DefaultLauncher.execute(DefaultLauncher.java:191) [org.junit.platform.launcher_1.5.1.v20190826-0900.jar:1.5.1]
	at org.junit.platform.launcher.core.DefaultLauncher.execute(DefaultLauncher.java:137) [org.junit.platform.launcher_1.5.1.v20190826-0900.jar:1.5.1]
	at org.eclipse.jdt.internal.junit5.runner.JUnit5TestReference.run(JUnit5TestReference.java:89) [.cp/:?]
	at org.eclipse.jdt.internal.junit.runner.TestExecution.run(TestExecution.java:41) [.cp/:?]
	at org.eclipse.jdt.internal.junit.runner.RemoteTestRunner.runTests(RemoteTestRunner.java:541) [.cp/:?]
	at org.eclipse.jdt.internal.junit.runner.RemoteTestRunner.runTests(RemoteTestRunner.java:763) [.cp/:?]
	at org.eclipse.jdt.internal.junit.runner.RemoteTestRunner.run(RemoteTestRunner.java:463) [.cp/:?]
	at org.eclipse.jdt.internal.junit.runner.RemoteTestRunner.main(RemoteTestRunner.java:209) [.cp/:?]
2019-09-30 17:01:25 [main] INFO  Main:36 - openDirectory() initialized
2019-09-30 17:01:25 [main] INFO  Main:36 - openDirectory() initialized
2019-09-30 17:01:25 [main] INFO  Main:36 - openDirectory() initialized
2019-09-30 17:01:25 [main] INFO  Main:36 - openDirectory() initialized
2019-09-30 17:01:25 [main] INFO  Main:61 - searchKeyword() initialized
2019-09-30 17:01:25 [main] INFO  Main:61 - searchKeyword() initialized
2019-09-30 17:01:25 [main] INFO  Main:61 - searchKeyword() initialized
2019-09-30 17:01:26 [main] INFO  Main:61 - searchKeyword() initialized
2019-09-30 17:02:43 [main] INFO  Main:36 - openDirectory() initialized
2019-09-30 17:02:43 [main] INFO  Main:36 - openDirectory() initialized
2019-09-30 17:02:43 [main] INFO  Main:36 - openDirectory() initialized
2019-09-30 17:02:43 [main] INFO  Main:36 - openDirectory() initialized
2019-09-30 17:02:43 [main] INFO  Main:61 - searchKeyword() initialized
2019-09-30 17:02:43 [main] INFO  Main:61 - searchKeyword() initialized
2019-09-30 17:02:43 [main] INFO  Main:61 - searchKeyword() initialized
2019-09-30 17:02:43 [main] INFO  Main:61 - searchKeyword() initialized
2019-10-01 11:45:19 [main] INFO  Main:36 - openDirectory() initialized
2019-10-01 11:47:36 [main] INFO  Main:18 - Main() Method Initialized
2019-10-01 11:47:36 [main] INFO  SearchServiceImpl:32 - openDirectory() initialized
2019-10-01 11:47:45 [main] INFO  SearchServiceImpl:57 - searchKeyword() initialized
2019-10-01 11:47:45 [main] ERROR SearchServiceImpl:86 - D:\books\null
java.nio.file.NoSuchFileException: D:\books\null
	at sun.nio.fs.WindowsException.translateToIOException(Unknown Source) ~[?:1.8.0_171]
	at sun.nio.fs.WindowsException.rethrowAsIOException(Unknown Source) ~[?:1.8.0_171]
	at sun.nio.fs.WindowsException.rethrowAsIOException(Unknown Source) ~[?:1.8.0_171]
	at sun.nio.fs.WindowsFileSystemProvider.newByteChannel(Unknown Source) ~[?:1.8.0_171]
	at java.nio.file.Files.newByteChannel(Unknown Source) ~[?:1.8.0_171]
	at java.nio.file.Files.newByteChannel(Unknown Source) ~[?:1.8.0_171]
	at java.nio.file.spi.FileSystemProvider.newInputStream(Unknown Source) ~[?:1.8.0_171]
	at java.nio.file.Files.newInputStream(Unknown Source) ~[?:1.8.0_171]
	at java.nio.file.Files.newBufferedReader(Unknown Source) ~[?:1.8.0_171]
	at java.nio.file.Files.lines(Unknown Source) ~[?:1.8.0_171]
	at java.nio.file.Files.lines(Unknown Source) ~[?:1.8.0_171]
	at com.marlabs.service.SearchServiceImpl.searchKeyword(SearchServiceImpl.java:69) [classes/:?]
	at com.marlabs.Main.main(Main.java:34) [classes/:?]
2019-10-01 11:47:45 [main] ERROR Main:38 - Exception while reading the file.
2019-10-01 11:49:50 [main] INFO  Main:18 - Main() Method Initialized
2019-10-01 11:49:50 [main] INFO  SearchServiceImpl:32 - openDirectory() initialized
2019-10-01 11:49:53 [main] INFO  SearchServiceImpl:57 - searchKeyword() initialized with values : 1 book {1=book.txt, 2=book1.txt, 3=data.txt, 4=python.txt}
2019-10-01 12:41:44 [main] INFO  Main:18 - Main() Method Initialized
2019-10-01 12:41:44 [main] INFO  SearchServiceImpl:32 - openDirectory() initialized
2019-10-01 12:41:47 [main] INFO  SearchServiceImpl:57 - searchKeyword() initialized with values : 1 5 {1=book.txt, 2=book1.txt, 3=data.txt, 4=python.txt}
2019-10-01 12:41:54 [main] INFO  SearchServiceImpl:57 - searchKeyword() initialized with values : 1 book {1=book.txt, 2=book1.txt, 3=data.txt, 4=python.txt}
2019-10-01 12:41:58 [main] INFO  Main:18 - Main() Method Initialized
2019-10-01 12:41:58 [main] INFO  SearchServiceImpl:32 - openDirectory() initialized
2019-10-01 12:42:01 [main] INFO  SearchServiceImpl:57 - searchKeyword() initialized with values : 5 book {1=book.txt, 2=book1.txt, 3=data.txt, 4=python.txt}
2019-10-01 12:42:01 [main] ERROR SearchServiceImpl:86 - D:\books\null
java.nio.file.NoSuchFileException: D:\books\null
	at sun.nio.fs.WindowsException.translateToIOException(Unknown Source) ~[?:1.8.0_171]
	at sun.nio.fs.WindowsException.rethrowAsIOException(Unknown Source) ~[?:1.8.0_171]
	at sun.nio.fs.WindowsException.rethrowAsIOException(Unknown Source) ~[?:1.8.0_171]
	at sun.nio.fs.WindowsFileSystemProvider.newByteChannel(Unknown Source) ~[?:1.8.0_171]
	at java.nio.file.Files.newByteChannel(Unknown Source) ~[?:1.8.0_171]
	at java.nio.file.Files.newByteChannel(Unknown Source) ~[?:1.8.0_171]
	at java.nio.file.spi.FileSystemProvider.newInputStream(Unknown Source) ~[?:1.8.0_171]
	at java.nio.file.Files.newInputStream(Unknown Source) ~[?:1.8.0_171]
	at java.nio.file.Files.newBufferedReader(Unknown Source) ~[?:1.8.0_171]
	at java.nio.file.Files.lines(Unknown Source) ~[?:1.8.0_171]
	at java.nio.file.Files.lines(Unknown Source) ~[?:1.8.0_171]
	at com.marlabs.service.SearchServiceImpl.searchKeyword(SearchServiceImpl.java:69) [classes/:?]
	at com.marlabs.Main.main(Main.java:34) [classes/:?]
2019-10-01 12:42:01 [main] ERROR Main:38 - Exception while reading the file.
2019-10-01 12:42:35 [main] INFO  Main:18 - Main() Method Initialized
2019-10-01 12:42:35 [main] INFO  SearchServiceImpl:32 - openDirectory() initialized
2019-10-01 12:42:39 [main] INFO  SearchServiceImpl:57 - searchKeyword() initialized with values : 5 boook {1=book.txt, 2=book1.txt, 3=data.txt, 4=python.txt}
2019-10-01 12:42:39 [main] ERROR SearchServiceImpl:86 - D:\books\null
2019-10-01 12:42:39 [main] ERROR Main:38 - Exception while reading the file.
2019-10-01 12:55:59 [main] INFO  SearchServiceImpl:33 - openDirectory() initialized
2019-10-01 12:55:59 [main] INFO  SearchServiceImpl:33 - openDirectory() initialized
2019-10-01 12:55:59 [main] INFO  SearchServiceImpl:33 - openDirectory() initialized
2019-10-01 12:55:59 [main] INFO  SearchServiceImpl:33 - openDirectory() initialized
2019-10-01 12:55:59 [main] INFO  SearchServiceImpl:60 - searchKeyword() initialized with values : 1 book {1=book.txt, 2=book1.txt, 3=data.txt, 4=python.txt}
2019-10-01 12:55:59 [main] INFO  SearchServiceImpl:60 - searchKeyword() initialized with values : 2 BOOK {1=book.txt, 2=book1.txt, 3=data.txt, 4=python.txt}
2019-10-01 12:55:59 [main] INFO  SearchServiceImpl:60 - searchKeyword() initialized with values : 1 The {1=book.txt, 2=book1.txt, 3=data.txt, 4=python.txt}
2019-10-01 12:55:59 [main] INFO  SearchServiceImpl:60 - searchKeyword() initialized with values : 4 The {1=book.txt, 2=book1.txt, 3=data.txt, 4=python.txt}
2019-10-01 12:56:13 [main] INFO  SearchServiceImpl:33 - openDirectory() initialized
2019-10-01 12:56:13 [main] INFO  SearchServiceImpl:33 - openDirectory() initialized
2019-10-01 12:56:13 [main] INFO  SearchServiceImpl:33 - openDirectory() initialized
2019-10-01 12:56:13 [main] INFO  SearchServiceImpl:33 - openDirectory() initialized
2019-10-01 12:56:13 [main] INFO  SearchServiceImpl:60 - searchKeyword() initialized with values : 1 book {1=book.txt, 2=book1.txt, 3=data.txt, 4=python.txt}
2019-10-01 12:56:13 [main] INFO  SearchServiceImpl:60 - searchKeyword() initialized with values : 2 BOOK {1=book.txt, 2=book1.txt, 3=data.txt, 4=python.txt}
2019-10-01 12:56:13 [main] INFO  SearchServiceImpl:60 - searchKeyword() initialized with values : 1 The {1=book.txt, 2=book1.txt, 3=data.txt, 4=python.txt}
2019-10-01 12:56:13 [main] INFO  SearchServiceImpl:60 - searchKeyword() initialized with values : 4 This {1=book.txt, 2=book1.txt, 3=data.txt, 4=python.txt}
2019-10-01 14:05:35 [main] INFO  SearchServiceImpl:33 - openDirectory() initialized
2019-10-01 14:05:35 [main] INFO  SearchServiceImpl:33 - openDirectory() initialized
2019-10-01 14:05:35 [main] INFO  SearchServiceImpl:33 - openDirectory() initialized
2019-10-01 14:05:35 [main] INFO  SearchServiceImpl:33 - openDirectory() initialized
2019-10-01 14:05:35 [main] INFO  SearchServiceImpl:60 - searchKeyword() initialized with values : 1 book {1=book.txt, 2=book1.txt, 3=data.txt, 4=python.txt}
2019-10-01 14:05:35 [main] INFO  SearchServiceImpl:60 - searchKeyword() initialized with values : 2 BOOK {1=book.txt, 2=book1.txt, 3=data.txt, 4=python.txt}
2019-10-01 14:05:35 [main] INFO  SearchServiceImpl:60 - searchKeyword() initialized with values : 1 The {1=book.txt, 2=book1.txt, 3=data.txt, 4=python.txt}
2019-10-01 14:05:35 [main] INFO  SearchServiceImpl:60 - searchKeyword() initialized with values : 4 The {1=book.txt, 2=book1.txt, 3=data.txt, 4=python.txt}
2019-10-01 14:18:31 [main] INFO  SearchServiceImpl:33 - openDirectory() initialized
2019-10-01 14:18:46 [main] INFO  SearchServiceImpl:33 - openDirectory() initialized
2019-10-01 14:20:34 [main] INFO  SearchServiceImpl:33 - openDirectory() initialized
2019-10-01 14:21:35 [main] INFO  SearchServiceImpl:33 - openDirectory() initialized
2019-10-01 14:21:35 [main] INFO  SearchServiceImpl:33 - openDirectory() initialized
2019-10-01 14:21:35 [main] INFO  SearchServiceImpl:33 - openDirectory() initialized
2019-10-01 14:21:35 [main] INFO  SearchServiceImpl:33 - openDirectory() initialized
2019-10-01 14:23:09 [main] INFO  SearchServiceImpl:33 - openDirectory() initialized
2019-10-01 14:23:09 [main] INFO  SearchServiceImpl:33 - openDirectory() initialized
2019-10-01 14:23:09 [main] INFO  SearchServiceImpl:33 - openDirectory() initialized
2019-10-01 14:23:09 [main] INFO  SearchServiceImpl:33 - openDirectory() initialized
2019-10-01 14:23:09 [main] INFO  SearchServiceImpl:33 - openDirectory() initialized
2019-10-01 14:23:33 [main] INFO  SearchServiceImpl:33 - openDirectory() initialized
2019-10-01 14:23:33 [main] INFO  SearchServiceImpl:33 - openDirectory() initialized
2019-10-01 14:23:33 [main] INFO  SearchServiceImpl:33 - openDirectory() initialized
2019-10-01 14:23:33 [main] INFO  SearchServiceImpl:33 - openDirectory() initialized
2019-10-01 14:29:44 [main] INFO  SearchServiceImpl:60 - searchKeyword() initialized with values : 1 book {1=book.txt, 2=books.txt}
2019-10-01 14:29:44 [main] INFO  SearchServiceImpl:60 - searchKeyword() initialized with values : 2 BOOK {1=book.txt, 2=books.txt}
2019-10-01 14:29:44 [main] ERROR SearchServiceImpl:89 - D:\books\books.txt
2019-10-01 14:29:44 [main] INFO  SearchServiceImpl:60 - searchKeyword() initialized with values : 1 The {1=book.txt, 2=books.txt}
2019-10-01 14:29:44 [main] INFO  SearchServiceImpl:60 - searchKeyword() initialized with values : 3 The {1=book.txt, 2=books.txt}
2019-10-01 14:29:44 [main] ERROR SearchServiceImpl:89 - D:\books\null
2019-10-01 14:30:45 [main] INFO  SearchServiceImpl:60 - searchKeyword() initialized with values : 1 book {1=book.txt, 2=book1.txt, 3=data.txt, 4=python.txt}
2019-10-01 14:30:45 [main] INFO  SearchServiceImpl:60 - searchKeyword() initialized with values : 2 BOOK {1=book.txt, 2=book1.txt, 3=data.txt, 4=python.txt}
2019-10-01 14:30:45 [main] INFO  SearchServiceImpl:60 - searchKeyword() initialized with values : 1 The {1=book.txt, 2=book1.txt, 3=data.txt, 4=python.txt}
2019-10-01 14:30:45 [main] INFO  SearchServiceImpl:60 - searchKeyword() initialized with values : 3 The {1=book.txt, 2=book1.txt, 3=data.txt, 4=python.txt}
2019-10-01 14:31:22 [main] INFO  SearchServiceImpl:60 - searchKeyword() initialized with values : 1 book {1=book.txt, 2=book1.txt, 3=data.txt, 4=python.txt}
2019-10-01 14:31:22 [main] INFO  SearchServiceImpl:60 - searchKeyword() initialized with values : 2 BOOK {1=book.txt, 2=book1.txt, 3=data.txt, 4=python.txt}
2019-10-01 14:31:22 [main] INFO  SearchServiceImpl:60 - searchKeyword() initialized with values : 1 The {1=book.txt, 2=book1.txt, 3=data.txt, 4=python.txt}
2019-10-01 14:31:22 [main] INFO  SearchServiceImpl:60 - searchKeyword() initialized with values : 3 This {1=book.txt, 2=book1.txt, 3=data.txt, 4=python.txt}
2019-10-01 14:31:33 [main] INFO  SearchServiceImpl:60 - searchKeyword() initialized with values : 1 book {1=book.txt, 2=book1.txt, 3=data.txt, 4=python.txt}
2019-10-01 14:31:33 [main] INFO  SearchServiceImpl:60 - searchKeyword() initialized with values : 2 BOOK {1=book.txt, 2=book1.txt, 3=data.txt, 4=python.txt}
2019-10-01 14:31:33 [main] INFO  SearchServiceImpl:60 - searchKeyword() initialized with values : 1 The {1=book.txt, 2=book1.txt, 3=data.txt, 4=python.txt}
2019-10-01 14:31:33 [main] INFO  SearchServiceImpl:60 - searchKeyword() initialized with values : 3 this {1=book.txt, 2=book1.txt, 3=data.txt, 4=python.txt}
2019-10-01 14:31:42 [main] INFO  SearchServiceImpl:60 - searchKeyword() initialized with values : 4 The {1=book.txt, 2=books.txt}
2019-10-01 14:31:42 [main] ERROR SearchServiceImpl:89 - D:\books\null
2019-10-01 14:57:57 [main] INFO  SearchServiceImpl:60 - searchKeyword() initialized with values : 1 book {1=book.txt, 2=book1.txt, 3=data.txt, 4=python.txt}
2019-10-01 14:57:57 [main] INFO  SearchServiceImpl:60 - searchKeyword() initialized with values : 2 BOOK {1=book.txt, 2=book1.txt, 3=data.txt, 4=python.txt}
2019-10-01 14:57:57 [main] INFO  SearchServiceImpl:60 - searchKeyword() initialized with values : 1 The {1=book.txt, 2=book1.txt, 3=data.txt, 4=python.txt}
2019-10-01 14:57:57 [main] INFO  SearchServiceImpl:60 - searchKeyword() initialized with values : 3 this {1=book.txt, 2=book1.txt, 3=data.txt, 4=python.txt}
2019-10-01 14:58:03 [main] INFO  SearchServiceImpl:60 - searchKeyword() initialized with values : 1 book {1=book.txt, 2=book1.txt, 3=data.txt, 4=python.txt}
2019-10-01 14:58:03 [main] INFO  SearchServiceImpl:60 - searchKeyword() initialized with values : 2 BOOK {1=book.txt, 2=book1.txt, 3=data.txt, 4=python.txt}
2019-10-01 14:58:04 [main] INFO  SearchServiceImpl:60 - searchKeyword() initialized with values : 1 The {1=book.txt, 2=book1.txt, 3=data.txt, 4=python.txt}
2019-10-01 14:58:04 [main] INFO  SearchServiceImpl:60 - searchKeyword() initialized with values : 3 this {1=book.txt, 2=book1.txt, 3=data.txt, 4=python.txt}
2019-10-01 14:58:41 [main] INFO  SearchServiceImpl:60 - searchKeyword() initialized with values : 4 The {1=book.txt, 2=books.txt}
2019-10-01 14:58:41 [main] ERROR SearchServiceImpl:89 - D:\books\null
2019-10-01 15:03:25 [main] INFO  SearchServiceImpl:60 - searchKeyword() initialized with values : 1 book {1=book.txt, 2=book1.txt, 3=data.txt, 4=python.txt}
2019-10-01 15:03:25 [main] INFO  SearchServiceImpl:60 - searchKeyword() initialized with values : 2 BOOK {1=book.txt, 2=book1.txt, 3=data.txt, 4=python.txt}
2019-10-01 15:03:25 [main] INFO  SearchServiceImpl:60 - searchKeyword() initialized with values : 1 The {1=book.txt, 2=book1.txt, 3=data.txt, 4=python.txt}
2019-10-01 15:03:25 [main] INFO  SearchServiceImpl:60 - searchKeyword() initialized with values : 3 this {1=book.txt, 2=book1.txt, 3=data.txt, 4=python.txt}
2019-10-01 15:04:10 [main] INFO  SearchServiceImpl:60 - searchKeyword() initialized with values : 4 The {1=book.txt, 2=books.txt}
2019-10-01 15:04:10 [main] ERROR SearchServiceImpl:89 - D:\books\null
2019-10-01 17:45:43 [main] INFO  Main:16 - Main() Method Initialized
2019-10-01 17:45:43 [main] INFO  SearchServiceImpl:33 - openDirectory() initialized
2019-10-01 17:45:49 [main] INFO  SearchServiceImpl:60 - searchKeyword() initialized with values : 1 the {1=book.txt, 2=book1.txt, 3=data.txt, 4=python.txt}
2019-10-01 17:45:56 [main] INFO  SearchServiceImpl:60 - searchKeyword() initialized with values : 1 the {1=book.txt, 2=book1.txt, 3=data.txt, 4=python.txt}
2019-10-01 17:45:58 [main] INFO  SearchServiceImpl:60 - searchKeyword() initialized with values : 1 THe {1=book.txt, 2=book1.txt, 3=data.txt, 4=python.txt}
2019-10-01 17:46:01 [main] INFO  SearchServiceImpl:60 - searchKeyword() initialized with values : 1 THE {1=book.txt, 2=book1.txt, 3=data.txt, 4=python.txt}
2019-10-01 17:46:03 [main] INFO  SearchServiceImpl:60 - searchKeyword() initialized with values : 1 The {1=book.txt, 2=book1.txt, 3=data.txt, 4=python.txt}
